Virtual User Script started at: 20.05.2023 2:51:36	[MsgId: MMSG-15967]
Starting action vuser_init.	[MsgId: MMSG-15919]
Web Turbo Replay of LoadRunner 2020.0.0 for Windows 10; build 793 (ноя 27 2019 19:51:20)  	[MsgId: MMSG-26983]
Run mode: HTML  	[MsgId: MMSG-26993]
Replay user agent: Mozilla/5.0 (Windows NT 10.0; WOW64; Trident/7.0; rv:11.0) like Gecko  	[MsgId: MMSG-26988]
Runtime Settings file: "C:\Users\Anton\AppData\Local\Temp\lr5tmpdirBoE.368\lrcfgpDX.369\cfg0Ip.378"  	[MsgId: MMSG-27141]
Ending action vuser_init.	[MsgId: MMSG-15918]
Running Vuser...	[MsgId: MMSG-15964]
Starting iteration 1.	[MsgId: MMSG-15968]
Maximum number of concurrent connections per server: 6  	[MsgId: MMSG-26989]
Starting action Action.	[MsgId: MMSG-15919]
Action.c(3): Notify: Transaction "UC_2_Delete_booking" started.	[MsgId: MMSG-16999]
..\\Parameters\\common_lib.h(27): Notify: Transaction "open_homepage" started.	[MsgId: MMSG-16999]
..\\Parameters\\common_lib.h(30): web_reg_save_param_attrib started  	[MsgId: MMSG-26355]
..\\Parameters\\common_lib.h(30): Registering web_reg_save_param_attrib was successful  	[MsgId: MMSG-26390]
..\\Parameters\\common_lib.h(41): web_url("WebTours") started  	[MsgId: MMSG-26355]
..\\Parameters\\common_lib.h(41): Detected non-resource "http://localhost:1080/WebTours/header.html" in "http://localhost:1080/WebTours/"  	[MsgId: MMSG-26574]
..\\Parameters\\common_lib.h(41): Detected non-resource "http://localhost:1080/cgi-bin/welcome.pl?signOff=true" in "http://localhost:1080/WebTours/"  	[MsgId: MMSG-26574]
..\\Parameters\\common_lib.h(41): Downloading resource "http://localhost:1080/favicon.ico" (specified by argument number 10)  	[MsgId: MMSG-26577]
..\\Parameters\\common_lib.h(41): Found resource "http://localhost:1080/WebTours/images/hp_logo.png" in HTML "http://localhost:1080/WebTours/header.html"  	[MsgId: MMSG-26659]
..\\Parameters\\common_lib.h(41): Found resource "http://localhost:1080/WebTours/images/webtours.png" in HTML "http://localhost:1080/WebTours/header.html"  	[MsgId: MMSG-26659]
..\\Parameters\\common_lib.h(41): Warning -26627: HTTP Status-Code=404 (Not Found) for "http://localhost:1080/favicon.ico"  	[MsgId: MWAR-26627]
..\\Parameters\\common_lib.h(41): Detected non-resource "http://localhost:1080/cgi-bin/nav.pl?in=home" in "http://localhost:1080/cgi-bin/welcome.pl?signOff=true"  	[MsgId: MMSG-26574]
..\\Parameters\\common_lib.h(41): Detected non-resource "http://localhost:1080/WebTours/home.html" in "http://localhost:1080/cgi-bin/welcome.pl?signOff=true"  	[MsgId: MMSG-26574]
..\\Parameters\\common_lib.h(41): Found resource "http://localhost:1080/WebTours/images/mer_login.gif" in HTML "http://localhost:1080/cgi-bin/nav.pl?in=home"  	[MsgId: MMSG-26659]
..\\Parameters\\common_lib.h(41): web_url("WebTours") highest severity level was "warning", 10280 body bytes, 2587 header bytes, 24 chunking overhead bytes  	[MsgId: MMSG-26387]
..\\Parameters\\common_lib.h(53): Notify: Transaction "open_homepage" ended with a "Pass" status (Duration: 0,0983 Wasted Time: 0,0155).	[MsgId: MMSG-16871]
Action.c(7): lr_think_time: 5,00 seconds.	[MsgId: MMSG-15948]
..\\Parameters\\common_lib.h(2): Notify: Transaction "login" started.	[MsgId: MMSG-16999]
..\\Parameters\\common_lib.h(4): web_reg_find started  	[MsgId: MMSG-26355]
..\\Parameters\\common_lib.h(4): Registering web_reg_find was successful  	[MsgId: MMSG-26390]
..\\Parameters\\common_lib.h(7): web_submit_data("login.pl") started  	[MsgId: MMSG-26355]
..\\Parameters\\common_lib.h(7): Detected non-resource "http://localhost:1080/cgi-bin/nav.pl?page=menu&in=home" in "http://localhost:1080/cgi-bin/login.pl"  	[MsgId: MMSG-26574]
..\\Parameters\\common_lib.h(7): Detected non-resource "http://localhost:1080/cgi-bin/login.pl?intro=true" in "http://localhost:1080/cgi-bin/login.pl"  	[MsgId: MMSG-26574]
..\\Parameters\\common_lib.h(7): Found resource "http://localhost:1080/WebTours/images/flights.gif" in HTML "http://localhost:1080/cgi-bin/nav.pl?page=menu&in=home"  	[MsgId: MMSG-26659]
..\\Parameters\\common_lib.h(7): Found resource "http://localhost:1080/WebTours/images/itinerary.gif" in HTML "http://localhost:1080/cgi-bin/nav.pl?page=menu&in=home"  	[MsgId: MMSG-26659]
..\\Parameters\\common_lib.h(7): Found resource "http://localhost:1080/WebTours/images/in_home.gif" in HTML "http://localhost:1080/cgi-bin/nav.pl?page=menu&in=home"  	[MsgId: MMSG-26659]
..\\Parameters\\common_lib.h(7): Found resource "http://localhost:1080/WebTours/images/signoff.gif" in HTML "http://localhost:1080/cgi-bin/nav.pl?page=menu&in=home"  	[MsgId: MMSG-26659]
..\\Parameters\\common_lib.h(7): Registered web_reg_find successful for "Text=Welcome, <b>jojo</b>, to the Web Tours reservation pages." (count=1)  	[MsgId: MMSG-26364]
..\\Parameters\\common_lib.h(7): web_submit_data("login.pl") was successful, 5779 body bytes, 2034 header bytes, 36 chunking overhead bytes  	[MsgId: MMSG-26385]
..\\Parameters\\common_lib.h(23): Notify: Transaction "login" ended with a "Pass" status (Duration: 0,1008 Wasted Time: 0,0000).	[MsgId: MMSG-16871]
Action.c(11): web_reg_find started  	[MsgId: MMSG-26355]
Action.c(11): Registering web_reg_find was successful  	[MsgId: MMSG-26390]
Action.c(15): web_reg_save_param started  	[MsgId: MMSG-26355]
Action.c(15): Registering web_reg_save_param was successful  	[MsgId: MMSG-26390]
Action.c(22): web_reg_save_param started  	[MsgId: MMSG-26355]
Action.c(22): Registering web_reg_save_param was successful  	[MsgId: MMSG-26390]
..\\Parameters\\common_lib.h(154): Notify: Transaction "click_Itinerary" started.	[MsgId: MMSG-16999]
..\\Parameters\\common_lib.h(156): web_url("Itinerary Button") started  	[MsgId: MMSG-26355]
..\\Parameters\\common_lib.h(156): Detected non-resource "http://localhost:1080/cgi-bin/nav.pl?page=menu&in=itinerary" in "http://localhost:1080/cgi-bin/welcome.pl?page=itinerary"  	[MsgId: MMSG-26574]
..\\Parameters\\common_lib.h(156): Detected non-resource "http://localhost:1080/cgi-bin/itinerary.pl" in "http://localhost:1080/cgi-bin/welcome.pl?page=itinerary"  	[MsgId: MMSG-26574]
..\\Parameters\\common_lib.h(156): Found resource "http://localhost:1080/WebTours/images/cancelreservation.gif" in HTML "http://localhost:1080/cgi-bin/itinerary.pl"  	[MsgId: MMSG-26659]
..\\Parameters\\common_lib.h(156): Found resource "http://localhost:1080/WebTours/images/cancelallreservations.gif" in HTML "http://localhost:1080/cgi-bin/itinerary.pl"  	[MsgId: MMSG-26659]
..\\Parameters\\common_lib.h(156): Resource "http://localhost:1080/WebTours/images/flights.gif" is in the cache already and will not be downloaded again  	[MsgId: MMSG-26655]
..\\Parameters\\common_lib.h(156): Found resource "http://localhost:1080/WebTours/images/in_itinerary.gif" in HTML "http://localhost:1080/cgi-bin/nav.pl?page=menu&in=itinerary"  	[MsgId: MMSG-26659]
..\\Parameters\\common_lib.h(156): Found resource "http://localhost:1080/WebTours/images/home.gif" in HTML "http://localhost:1080/cgi-bin/nav.pl?page=menu&in=itinerary"  	[MsgId: MMSG-26659]
..\\Parameters\\common_lib.h(156): Resource "http://localhost:1080/WebTours/images/signoff.gif" is in the cache already and will not be downloaded again  	[MsgId: MMSG-26655]
..\\Parameters\\common_lib.h(156): Registered web_reg_find successful for "Text=<H3>No flights have been reserved.</H3>"  	[MsgId: MMSG-26362]
..\\Parameters\\common_lib.h(156): web_url("Itinerary Button") was successful, 21436 body bytes, 1913 header bytes, 60 chunking overhead bytes  	[MsgId: MMSG-26385]
..\\Parameters\\common_lib.h(166): Notify: Transaction "click_Itinerary" ended with a "Pass" status (Duration: 0,0999 Wasted Time: 0,0001).	[MsgId: MMSG-16871]
Action.c(31): lr_think_time: 5,00 seconds.	[MsgId: MMSG-15948]
Action.c(45): Notify: Transaction "cancel_booking" started.	[MsgId: MMSG-16999]
Action.c(47): web_reg_find started  	[MsgId: MMSG-26355]
Action.c(47): Registering web_reg_find was successful  	[MsgId: MMSG-26390]
Action.c(55): web_submit_form("itinerary.pl") started  	[MsgId: MMSG-26355]
Action.c(55): Submitting form to "http://localhost:1080/cgi-bin/itinerary.pl", Target Frame=""  	[MsgId: MMSG-27978]
Action.c(55): Resource "http://localhost:1080/WebTours/images/cancelreservation.gif" is in the cache already and will not be downloaded again  	[MsgId: MMSG-26655]
Action.c(55): Resource "http://localhost:1080/WebTours/images/cancelallreservations.gif" is in the cache already and will not be downloaded again  	[MsgId: MMSG-26655]
Action.c(55): Registered web_reg_find successful for "Text={rnd_flightID}"  	[MsgId: MMSG-26362]
Action.c(55): web_submit_form("itinerary.pl") was successful, 15132 body bytes, 256 header bytes, 28 chunking overhead bytes  	[MsgId: MMSG-26385]
Action.c(63): Notify: Transaction "cancel_booking" ended with a "Pass" status (Duration: 0,0574 Wasted Time: 0,0000).	[MsgId: MMSG-16871]
..\\Parameters\\common_lib.h(169): Notify: Transaction "Logout" started.	[MsgId: MMSG-16999]
..\\Parameters\\common_lib.h(171): web_reg_find started  	[MsgId: MMSG-26355]
..\\Parameters\\common_lib.h(171): Registering web_reg_find was successful  	[MsgId: MMSG-26390]
..\\Parameters\\common_lib.h(174): web_url("SignOff Button") started  	[MsgId: MMSG-26355]
..\\Parameters\\common_lib.h(174): Detected non-resource "http://localhost:1080/cgi-bin/nav.pl?in=home" in "http://localhost:1080/cgi-bin/welcome.pl?signOff=1"  	[MsgId: MMSG-26574]
..\\Parameters\\common_lib.h(174): Detected non-resource "http://localhost:1080/WebTours/home.html" in "http://localhost:1080/cgi-bin/welcome.pl?signOff=1"  	[MsgId: MMSG-26574]
..\\Parameters\\common_lib.h(174): Retrieving data from cache for "http://localhost:1080/WebTours/home.html"  	[MsgId: MMSG-26558]
..\\Parameters\\common_lib.h(174): Resource "http://localhost:1080/WebTours/images/mer_login.gif" is in the cache already and will not be downloaded again  	[MsgId: MMSG-26655]
..\\Parameters\\common_lib.h(174): Registered web_reg_find successful for "Text=Welcome to the Web Tours site." (count=1)  	[MsgId: MMSG-26364]
..\\Parameters\\common_lib.h(174): web_url("SignOff Button") was successful, 2175 body bytes, 583 header bytes, 24 chunking overhead bytes  	[MsgId: MMSG-26385]
..\\Parameters\\common_lib.h(184): Notify: Transaction "Logout" ended with a "Pass" status (Duration: 0,1470 Wasted Time: 0,0000).	[MsgId: MMSG-16871]
Action.c(70): Notify: Transaction "UC_2_Delete_booking" ended with a "Pass" status (Duration: 10,5377 Think Time: 10,0336 Wasted Time: 0,0157).	[MsgId: MMSG-16870]
Ending action Action.	[MsgId: MMSG-15918]
Ending iteration 1.	[MsgId: MMSG-15965]
Waiting 13,4610 seconds for iteration pacing.	[MsgId: MMSG-15996]
Starting iteration 2.	[MsgId: MMSG-15968]
Starting action Action.	[MsgId: MMSG-15919]
Action.c(3): Notify: Transaction "UC_2_Delete_booking" started.	[MsgId: MMSG-16999]
..\\Parameters\\common_lib.h(27): Notify: Transaction "open_homepage" started.	[MsgId: MMSG-16999]
..\\Parameters\\common_lib.h(30): web_reg_save_param_attrib started  	[MsgId: MMSG-26355]
..\\Parameters\\common_lib.h(30): Registering web_reg_save_param_attrib was successful  	[MsgId: MMSG-26390]
..\\Parameters\\common_lib.h(41): web_url("WebTours") started  	[MsgId: MMSG-26355]
..\\Parameters\\common_lib.h(41): Detected non-resource "http://localhost:1080/WebTours/header.html" in "http://localhost:1080/WebTours/"  	[MsgId: MMSG-26574]
..\\Parameters\\common_lib.h(41): Detected non-resource "http://localhost:1080/cgi-bin/welcome.pl?signOff=true" in "http://localhost:1080/WebTours/"  	[MsgId: MMSG-26574]
..\\Parameters\\common_lib.h(41): Downloading resource "http://localhost:1080/favicon.ico" (specified by argument number 10)  	[MsgId: MMSG-26577]
..\\Parameters\\common_lib.h(41): Found resource "http://localhost:1080/WebTours/images/hp_logo.png" in HTML "http://localhost:1080/WebTours/header.html"  	[MsgId: MMSG-26659]
..\\Parameters\\common_lib.h(41): Found resource "http://localhost:1080/WebTours/images/webtours.png" in HTML "http://localhost:1080/WebTours/header.html"  	[MsgId: MMSG-26659]
..\\Parameters\\common_lib.h(41): Warning -26627: HTTP Status-Code=404 (Not Found) for "http://localhost:1080/favicon.ico"  	[MsgId: MWAR-26627]
..\\Parameters\\common_lib.h(41): Detected non-resource "http://localhost:1080/cgi-bin/nav.pl?in=home" in "http://localhost:1080/cgi-bin/welcome.pl?signOff=true"  	[MsgId: MMSG-26574]
..\\Parameters\\common_lib.h(41): Detected non-resource "http://localhost:1080/WebTours/home.html" in "http://localhost:1080/cgi-bin/welcome.pl?signOff=true"  	[MsgId: MMSG-26574]
..\\Parameters\\common_lib.h(41): Found resource "http://localhost:1080/WebTours/images/mer_login.gif" in HTML "http://localhost:1080/cgi-bin/nav.pl?in=home"  	[MsgId: MMSG-26659]
..\\Parameters\\common_lib.h(41): web_url("WebTours") highest severity level was "warning", 10277 body bytes, 2587 header bytes, 24 chunking overhead bytes  	[MsgId: MMSG-26387]
..\\Parameters\\common_lib.h(53): Notify: Transaction "open_homepage" ended with a "Pass" status (Duration: 0,0909 Wasted Time: 0,0004).	[MsgId: MMSG-16871]
Action.c(7): lr_think_time: 5,00 seconds.	[MsgId: MMSG-15948]
..\\Parameters\\common_lib.h(2): Notify: Transaction "login" started.	[MsgId: MMSG-16999]
..\\Parameters\\common_lib.h(4): web_reg_find started  	[MsgId: MMSG-26355]
..\\Parameters\\common_lib.h(4): Registering web_reg_find was successful  	[MsgId: MMSG-26390]
..\\Parameters\\common_lib.h(7): web_submit_data("login.pl") started  	[MsgId: MMSG-26355]
..\\Parameters\\common_lib.h(7): Detected non-resource "http://localhost:1080/cgi-bin/nav.pl?page=menu&in=home" in "http://localhost:1080/cgi-bin/login.pl"  	[MsgId: MMSG-26574]
..\\Parameters\\common_lib.h(7): Detected non-resource "http://localhost:1080/cgi-bin/login.pl?intro=true" in "http://localhost:1080/cgi-bin/login.pl"  	[MsgId: MMSG-26574]
..\\Parameters\\common_lib.h(7): Found resource "http://localhost:1080/WebTours/images/flights.gif" in HTML "http://localhost:1080/cgi-bin/nav.pl?page=menu&in=home"  	[MsgId: MMSG-26659]
..\\Parameters\\common_lib.h(7): Found resource "http://localhost:1080/WebTours/images/itinerary.gif" in HTML "http://localhost:1080/cgi-bin/nav.pl?page=menu&in=home"  	[MsgId: MMSG-26659]
..\\Parameters\\common_lib.h(7): Found resource "http://localhost:1080/WebTours/images/in_home.gif" in HTML "http://localhost:1080/cgi-bin/nav.pl?page=menu&in=home"  	[MsgId: MMSG-26659]
..\\Parameters\\common_lib.h(7): Found resource "http://localhost:1080/WebTours/images/signoff.gif" in HTML "http://localhost:1080/cgi-bin/nav.pl?page=menu&in=home"  	[MsgId: MMSG-26659]
..\\Parameters\\common_lib.h(7): Registered web_reg_find successful for "Text=Welcome, <b>jjhey</b>, to the Web Tours reservation pages." (count=1)  	[MsgId: MMSG-26364]
..\\Parameters\\common_lib.h(7): web_submit_data("login.pl") was successful, 5780 body bytes, 2053 header bytes, 36 chunking overhead bytes  	[MsgId: MMSG-26385]
..\\Parameters\\common_lib.h(23): Notify: Transaction "login" ended with a "Pass" status (Duration: 0,1483 Wasted Time: 0,0000).	[MsgId: MMSG-16871]
Action.c(11): web_reg_find started  	[MsgId: MMSG-26355]
Action.c(11): Registering web_reg_find was successful  	[MsgId: MMSG-26390]
Action.c(15): web_reg_save_param started  	[MsgId: MMSG-26355]
Action.c(15): Registering web_reg_save_param was successful  	[MsgId: MMSG-26390]
Action.c(22): web_reg_save_param started  	[MsgId: MMSG-26355]
Action.c(22): Registering web_reg_save_param was successful  	[MsgId: MMSG-26390]
..\\Parameters\\common_lib.h(154): Notify: Transaction "click_Itinerary" started.	[MsgId: MMSG-16999]
..\\Parameters\\common_lib.h(156): web_url("Itinerary Button") started  	[MsgId: MMSG-26355]
..\\Parameters\\common_lib.h(156): Detected non-resource "http://localhost:1080/cgi-bin/nav.pl?page=menu&in=itinerary" in "http://localhost:1080/cgi-bin/welcome.pl?page=itinerary"  	[MsgId: MMSG-26574]
..\\Parameters\\common_lib.h(156): Detected non-resource "http://localhost:1080/cgi-bin/itinerary.pl" in "http://localhost:1080/cgi-bin/welcome.pl?page=itinerary"  	[MsgId: MMSG-26574]
..\\Parameters\\common_lib.h(156): Resource "http://localhost:1080/WebTours/images/flights.gif" is in the cache already and will not be downloaded again  	[MsgId: MMSG-26655]
..\\Parameters\\common_lib.h(156): Found resource "http://localhost:1080/WebTours/images/in_itinerary.gif" in HTML "http://localhost:1080/cgi-bin/nav.pl?page=menu&in=itinerary"  	[MsgId: MMSG-26659]
..\\Parameters\\common_lib.h(156): Found resource "http://localhost:1080/WebTours/images/home.gif" in HTML "http://localhost:1080/cgi-bin/nav.pl?page=menu&in=itinerary"  	[MsgId: MMSG-26659]
..\\Parameters\\common_lib.h(156): Resource "http://localhost:1080/WebTours/images/signoff.gif" is in the cache already and will not be downloaded again  	[MsgId: MMSG-26655]
..\\Parameters\\common_lib.h(156): Found resource "http://localhost:1080/WebTours/images/cancelreservation.gif" in HTML "http://localhost:1080/cgi-bin/itinerary.pl"  	[MsgId: MMSG-26659]
..\\Parameters\\common_lib.h(156): Found resource "http://localhost:1080/WebTours/images/cancelallreservations.gif" in HTML "http://localhost:1080/cgi-bin/itinerary.pl"  	[MsgId: MMSG-26659]
..\\Parameters\\common_lib.h(156): Registered web_reg_find successful for "Text=<H3>No flights have been reserved.</H3>"  	[MsgId: MMSG-26362]
..\\Parameters\\common_lib.h(156): web_url("Itinerary Button") was successful, 29815 body bytes, 1913 header bytes, 76 chunking overhead bytes  	[MsgId: MMSG-26385]
..\\Parameters\\common_lib.h(166): Notify: Transaction "click_Itinerary" ended with a "Pass" status (Duration: 0,1533 Wasted Time: 0,0002).	[MsgId: MMSG-16871]
Action.c(31): lr_think_time: 5,00 seconds.	[MsgId: MMSG-15948]
Action.c(45): Notify: Transaction "cancel_booking" started.	[MsgId: MMSG-16999]
Action.c(47): web_reg_find started  	[MsgId: MMSG-26355]
Action.c(47): Registering web_reg_find was successful  	[MsgId: MMSG-26390]
Action.c(55): web_submit_form("itinerary.pl") started  	[MsgId: MMSG-26355]
Action.c(55): Submitting form to "http://localhost:1080/cgi-bin/itinerary.pl", Target Frame=""  	[MsgId: MMSG-27978]
Action.c(55): Resource "http://localhost:1080/WebTours/images/cancelreservation.gif" is in the cache already and will not be downloaded again  	[MsgId: MMSG-26655]
Action.c(55): Resource "http://localhost:1080/WebTours/images/cancelallreservations.gif" is in the cache already and will not be downloaded again  	[MsgId: MMSG-26655]
Action.c(55): Registered web_reg_find successful for "Text=582325-4055742-JB"  	[MsgId: MMSG-26362]
Action.c(55): web_submit_form("itinerary.pl") was successful, 23489 body bytes, 256 header bytes, 51 chunking overhead bytes  	[MsgId: MMSG-26385]
Action.c(63): Notify: Transaction "cancel_booking" ended with a "Pass" status (Duration: 0,0514 Wasted Time: 0,0000).	[MsgId: MMSG-16871]
..\\Parameters\\common_lib.h(169): Notify: Transaction "Logout" started.	[MsgId: MMSG-16999]
..\\Parameters\\common_lib.h(171): web_reg_find started  	[MsgId: MMSG-26355]
..\\Parameters\\common_lib.h(171): Registering web_reg_find was successful  	[MsgId: MMSG-26390]
..\\Parameters\\common_lib.h(174): web_url("SignOff Button") started  	[MsgId: MMSG-26355]
..\\Parameters\\common_lib.h(174): Detected non-resource "http://localhost:1080/cgi-bin/nav.pl?in=home" in "http://localhost:1080/cgi-bin/welcome.pl?signOff=1"  	[MsgId: MMSG-26574]
..\\Parameters\\common_lib.h(174): Detected non-resource "http://localhost:1080/WebTours/home.html" in "http://localhost:1080/cgi-bin/welcome.pl?signOff=1"  	[MsgId: MMSG-26574]
..\\Parameters\\common_lib.h(174): Retrieving data from cache for "http://localhost:1080/WebTours/home.html"  	[MsgId: MMSG-26558]
..\\Parameters\\common_lib.h(174): Resource "http://localhost:1080/WebTours/images/mer_login.gif" is in the cache already and will not be downloaded again  	[MsgId: MMSG-26655]
..\\Parameters\\common_lib.h(174): Registered web_reg_find successful for "Text=Welcome to the Web Tours site." (count=1)  	[MsgId: MMSG-26364]
..\\Parameters\\common_lib.h(174): web_url("SignOff Button") was successful, 2175 body bytes, 583 header bytes, 24 chunking overhead bytes  	[MsgId: MMSG-26385]
..\\Parameters\\common_lib.h(184): Notify: Transaction "Logout" ended with a "Pass" status (Duration: 0,1346 Wasted Time: 0,0000).	[MsgId: MMSG-16871]
Action.c(70): Notify: Transaction "UC_2_Delete_booking" ended with a "Pass" status (Duration: 10,6017 Think Time: 10,0224 Wasted Time: 0,0006).	[MsgId: MMSG-16870]
Ending action Action.	[MsgId: MMSG-15918]
Ending iteration 2.	[MsgId: MMSG-15965]
Waiting 13,3980 seconds for iteration pacing.	[MsgId: MMSG-15996]
Starting iteration 3.	[MsgId: MMSG-15968]
Starting action Action.	[MsgId: MMSG-15919]
Action.c(3): Notify: Transaction "UC_2_Delete_booking" started.	[MsgId: MMSG-16999]
..\\Parameters\\common_lib.h(27): Notify: Transaction "open_homepage" started.	[MsgId: MMSG-16999]
..\\Parameters\\common_lib.h(30): web_reg_save_param_attrib started  	[MsgId: MMSG-26355]
..\\Parameters\\common_lib.h(30): Registering web_reg_save_param_attrib was successful  	[MsgId: MMSG-26390]
..\\Parameters\\common_lib.h(41): web_url("WebTours") started  	[MsgId: MMSG-26355]
..\\Parameters\\common_lib.h(41): Detected non-resource "http://localhost:1080/WebTours/header.html" in "http://localhost:1080/WebTours/"  	[MsgId: MMSG-26574]
..\\Parameters\\common_lib.h(41): Detected non-resource "http://localhost:1080/cgi-bin/welcome.pl?signOff=true" in "http://localhost:1080/WebTours/"  	[MsgId: MMSG-26574]
..\\Parameters\\common_lib.h(41): Downloading resource "http://localhost:1080/favicon.ico" (specified by argument number 10)  	[MsgId: MMSG-26577]
..\\Parameters\\common_lib.h(41): Found resource "http://localhost:1080/WebTours/images/hp_logo.png" in HTML "http://localhost:1080/WebTours/header.html"  	[MsgId: MMSG-26659]
..\\Parameters\\common_lib.h(41): Found resource "http://localhost:1080/WebTours/images/webtours.png" in HTML "http://localhost:1080/WebTours/header.html"  	[MsgId: MMSG-26659]
..\\Parameters\\common_lib.h(41): Warning -26627: HTTP Status-Code=404 (Not Found) for "http://localhost:1080/favicon.ico"  	[MsgId: MWAR-26627]
..\\Parameters\\common_lib.h(41): Detected non-resource "http://localhost:1080/cgi-bin/nav.pl?in=home" in "http://localhost:1080/cgi-bin/welcome.pl?signOff=true"  	[MsgId: MMSG-26574]
..\\Parameters\\common_lib.h(41): Detected non-resource "http://localhost:1080/WebTours/home.html" in "http://localhost:1080/cgi-bin/welcome.pl?signOff=true"  	[MsgId: MMSG-26574]
..\\Parameters\\common_lib.h(41): Found resource "http://localhost:1080/WebTours/images/mer_login.gif" in HTML "http://localhost:1080/cgi-bin/nav.pl?in=home"  	[MsgId: MMSG-26659]
..\\Parameters\\common_lib.h(41): web_url("WebTours") highest severity level was "warning", 10280 body bytes, 2587 header bytes, 24 chunking overhead bytes  	[MsgId: MMSG-26387]
..\\Parameters\\common_lib.h(53): Notify: Transaction "open_homepage" ended with a "Pass" status (Duration: 0,0923 Wasted Time: 0,0005).	[MsgId: MMSG-16871]
Action.c(7): lr_think_time: 5,00 seconds.	[MsgId: MMSG-15948]
..\\Parameters\\common_lib.h(2): Notify: Transaction "login" started.	[MsgId: MMSG-16999]
..\\Parameters\\common_lib.h(4): web_reg_find started  	[MsgId: MMSG-26355]
..\\Parameters\\common_lib.h(4): Registering web_reg_find was successful  	[MsgId: MMSG-26390]
..\\Parameters\\common_lib.h(7): web_submit_data("login.pl") started  	[MsgId: MMSG-26355]
..\\Parameters\\common_lib.h(7): Detected non-resource "http://localhost:1080/cgi-bin/nav.pl?page=menu&in=home" in "http://localhost:1080/cgi-bin/login.pl"  	[MsgId: MMSG-26574]
..\\Parameters\\common_lib.h(7): Detected non-resource "http://localhost:1080/cgi-bin/login.pl?intro=true" in "http://localhost:1080/cgi-bin/login.pl"  	[MsgId: MMSG-26574]
..\\Parameters\\common_lib.h(7): Found resource "http://localhost:1080/WebTours/images/flights.gif" in HTML "http://localhost:1080/cgi-bin/nav.pl?page=menu&in=home"  	[MsgId: MMSG-26659]
..\\Parameters\\common_lib.h(7): Found resource "http://localhost:1080/WebTours/images/itinerary.gif" in HTML "http://localhost:1080/cgi-bin/nav.pl?page=menu&in=home"  	[MsgId: MMSG-26659]
..\\Parameters\\common_lib.h(7): Found resource "http://localhost:1080/WebTours/images/in_home.gif" in HTML "http://localhost:1080/cgi-bin/nav.pl?page=menu&in=home"  	[MsgId: MMSG-26659]
..\\Parameters\\common_lib.h(7): Found resource "http://localhost:1080/WebTours/images/signoff.gif" in HTML "http://localhost:1080/cgi-bin/nav.pl?page=menu&in=home"  	[MsgId: MMSG-26659]
..\\Parameters\\common_lib.h(7): Registered web_reg_find successful for "Text=Welcome, <b>jjhey</b>, to the Web Tours reservation pages." (count=1)  	[MsgId: MMSG-26364]
..\\Parameters\\common_lib.h(7): web_submit_data("login.pl") was successful, 5780 body bytes, 2053 header bytes, 36 chunking overhead bytes  	[MsgId: MMSG-26385]
..\\Parameters\\common_lib.h(23): Notify: Transaction "login" ended with a "Pass" status (Duration: 0,1549 Wasted Time: 0,0000).	[MsgId: MMSG-16871]
Action.c(11): web_reg_find started  	[MsgId: MMSG-26355]
Action.c(11): Registering web_reg_find was successful  	[MsgId: MMSG-26390]
Action.c(15): web_reg_save_param started  	[MsgId: MMSG-26355]
Action.c(15): Registering web_reg_save_param was successful  	[MsgId: MMSG-26390]
Action.c(22): web_reg_save_param started  	[MsgId: MMSG-26355]
Action.c(22): Registering web_reg_save_param was successful  	[MsgId: MMSG-26390]
..\\Parameters\\common_lib.h(154): Notify: Transaction "click_Itinerary" started.	[MsgId: MMSG-16999]
..\\Parameters\\common_lib.h(156): web_url("Itinerary Button") started  	[MsgId: MMSG-26355]
..\\Parameters\\common_lib.h(156): Detected non-resource "http://localhost:1080/cgi-bin/nav.pl?page=menu&in=itinerary" in "http://localhost:1080/cgi-bin/welcome.pl?page=itinerary"  	[MsgId: MMSG-26574]
..\\Parameters\\common_lib.h(156): Detected non-resource "http://localhost:1080/cgi-bin/itinerary.pl" in "http://localhost:1080/cgi-bin/welcome.pl?page=itinerary"  	[MsgId: MMSG-26574]
..\\Parameters\\common_lib.h(156): Resource "http://localhost:1080/WebTours/images/flights.gif" is in the cache already and will not be downloaded again  	[MsgId: MMSG-26655]
..\\Parameters\\common_lib.h(156): Found resource "http://localhost:1080/WebTours/images/in_itinerary.gif" in HTML "http://localhost:1080/cgi-bin/nav.pl?page=menu&in=itinerary"  	[MsgId: MMSG-26659]
..\\Parameters\\common_lib.h(156): Found resource "http://localhost:1080/WebTours/images/home.gif" in HTML "http://localhost:1080/cgi-bin/nav.pl?page=menu&in=itinerary"  	[MsgId: MMSG-26659]
..\\Parameters\\common_lib.h(156): Resource "http://localhost:1080/WebTours/images/signoff.gif" is in the cache already and will not be downloaded again  	[MsgId: MMSG-26655]
..\\Parameters\\common_lib.h(156): Found resource "http://localhost:1080/WebTours/images/cancelreservation.gif" in HTML "http://localhost:1080/cgi-bin/itinerary.pl"  	[MsgId: MMSG-26659]
..\\Parameters\\common_lib.h(156): Found resource "http://localhost:1080/WebTours/images/cancelallreservations.gif" in HTML "http://localhost:1080/cgi-bin/itinerary.pl"  	[MsgId: MMSG-26659]
..\\Parameters\\common_lib.h(156): Registered web_reg_find successful for "Text=<H3>No flights have been reserved.</H3>"  	[MsgId: MMSG-26362]
..\\Parameters\\common_lib.h(156): web_url("Itinerary Button") was successful, 28556 body bytes, 1913 header bytes, 75 chunking overhead bytes  	[MsgId: MMSG-26385]
..\\Parameters\\common_lib.h(166): Notify: Transaction "click_Itinerary" ended with a "Pass" status (Duration: 0,1471 Wasted Time: 0,0002).	[MsgId: MMSG-16871]
Action.c(31): lr_think_time: 5,00 seconds.	[MsgId: MMSG-15948]
Action.c(45): Notify: Transaction "cancel_booking" started.	[MsgId: MMSG-16999]
Action.c(47): web_reg_find started  	[MsgId: MMSG-26355]
Action.c(47): Registering web_reg_find was successful  	[MsgId: MMSG-26390]
Action.c(55): web_submit_form("itinerary.pl") started  	[MsgId: MMSG-26355]
Action.c(55): Submitting form to "http://localhost:1080/cgi-bin/itinerary.pl", Target Frame=""  	[MsgId: MMSG-27978]
Action.c(55): Resource "http://localhost:1080/WebTours/images/cancelreservation.gif" is in the cache already and will not be downloaded again  	[MsgId: MMSG-26655]
Action.c(55): Resource "http://localhost:1080/WebTours/images/cancelallreservations.gif" is in the cache already and will not be downloaded again  	[MsgId: MMSG-26655]
Action.c(55): Registered web_reg_find successful for "Text=329208277-1020304-YT"  	[MsgId: MMSG-26362]
Action.c(55): web_submit_form("itinerary.pl") was successful, 22279 body bytes, 256 header bytes, 51 chunking overhead bytes  	[MsgId: MMSG-26385]
Action.c(63): Notify: Transaction "cancel_booking" ended with a "Pass" status (Duration: 0,0585 Wasted Time: 0,0000).	[MsgId: MMSG-16871]
..\\Parameters\\common_lib.h(169): Notify: Transaction "Logout" started.	[MsgId: MMSG-16999]
..\\Parameters\\common_lib.h(171): web_reg_find started  	[MsgId: MMSG-26355]
..\\Parameters\\common_lib.h(171): Registering web_reg_find was successful  	[MsgId: MMSG-26390]
..\\Parameters\\common_lib.h(174): web_url("SignOff Button") started  	[MsgId: MMSG-26355]
..\\Parameters\\common_lib.h(174): Detected non-resource "http://localhost:1080/cgi-bin/nav.pl?in=home" in "http://localhost:1080/cgi-bin/welcome.pl?signOff=1"  	[MsgId: MMSG-26574]
..\\Parameters\\common_lib.h(174): Detected non-resource "http://localhost:1080/WebTours/home.html" in "http://localhost:1080/cgi-bin/welcome.pl?signOff=1"  	[MsgId: MMSG-26574]
..\\Parameters\\common_lib.h(174): Retrieving data from cache for "http://localhost:1080/WebTours/home.html"  	[MsgId: MMSG-26558]
..\\Parameters\\common_lib.h(174): Resource "http://localhost:1080/WebTours/images/mer_login.gif" is in the cache already and will not be downloaded again  	[MsgId: MMSG-26655]
..\\Parameters\\common_lib.h(174): Registered web_reg_find successful for "Text=Welcome to the Web Tours site." (count=1)  	[MsgId: MMSG-26364]
..\\Parameters\\common_lib.h(174): web_url("SignOff Button") was successful, 2175 body bytes, 583 header bytes, 24 chunking overhead bytes  	[MsgId: MMSG-26385]
..\\Parameters\\common_lib.h(184): Notify: Transaction "Logout" ended with a "Pass" status (Duration: 0,1321 Wasted Time: 0,0000).	[MsgId: MMSG-16871]
Action.c(70): Notify: Transaction "UC_2_Delete_booking" ended with a "Pass" status (Duration: 10,6085 Think Time: 10,0228 Wasted Time: 0,0008).	[MsgId: MMSG-16870]
Ending action Action.	[MsgId: MMSG-15918]
Ending iteration 3.	[MsgId: MMSG-15965]
Waiting 13,3910 seconds for iteration pacing.	[MsgId: MMSG-15996]
Starting iteration 4.	[MsgId: MMSG-15968]
Starting action Action.	[MsgId: MMSG-15919]
Action.c(3): Notify: Transaction "UC_2_Delete_booking" started.	[MsgId: MMSG-16999]
..\\Parameters\\common_lib.h(27): Notify: Transaction "open_homepage" started.	[MsgId: MMSG-16999]
..\\Parameters\\common_lib.h(30): web_reg_save_param_attrib started  	[MsgId: MMSG-26355]
..\\Parameters\\common_lib.h(30): Registering web_reg_save_param_attrib was successful  	[MsgId: MMSG-26390]
..\\Parameters\\common_lib.h(41): web_url("WebTours") started  	[MsgId: MMSG-26355]
..\\Parameters\\common_lib.h(41): Detected non-resource "http://localhost:1080/WebTours/header.html" in "http://localhost:1080/WebTours/"  	[MsgId: MMSG-26574]
..\\Parameters\\common_lib.h(41): Detected non-resource "http://localhost:1080/cgi-bin/welcome.pl?signOff=true" in "http://localhost:1080/WebTours/"  	[MsgId: MMSG-26574]
..\\Parameters\\common_lib.h(41): Downloading resource "http://localhost:1080/favicon.ico" (specified by argument number 10)  	[MsgId: MMSG-26577]
..\\Parameters\\common_lib.h(41): Found resource "http://localhost:1080/WebTours/images/hp_logo.png" in HTML "http://localhost:1080/WebTours/header.html"  	[MsgId: MMSG-26659]
..\\Parameters\\common_lib.h(41): Found resource "http://localhost:1080/WebTours/images/webtours.png" in HTML "http://localhost:1080/WebTours/header.html"  	[MsgId: MMSG-26659]
..\\Parameters\\common_lib.h(41): Warning -26627: HTTP Status-Code=404 (Not Found) for "http://localhost:1080/favicon.ico"  	[MsgId: MWAR-26627]
..\\Parameters\\common_lib.h(41): Detected non-resource "http://localhost:1080/cgi-bin/nav.pl?in=home" in "http://localhost:1080/cgi-bin/welcome.pl?signOff=true"  	[MsgId: MMSG-26574]
..\\Parameters\\common_lib.h(41): Detected non-resource "http://localhost:1080/WebTours/home.html" in "http://localhost:1080/cgi-bin/welcome.pl?signOff=true"  	[MsgId: MMSG-26574]
..\\Parameters\\common_lib.h(41): Found resource "http://localhost:1080/WebTours/images/mer_login.gif" in HTML "http://localhost:1080/cgi-bin/nav.pl?in=home"  	[MsgId: MMSG-26659]
..\\Parameters\\common_lib.h(41): web_url("WebTours") highest severity level was "warning", 10280 body bytes, 2587 header bytes, 24 chunking overhead bytes  	[MsgId: MMSG-26387]
..\\Parameters\\common_lib.h(53): Notify: Transaction "open_homepage" ended with a "Pass" status (Duration: 0,0909 Wasted Time: 0,0004).	[MsgId: MMSG-16871]
Action.c(7): lr_think_time: 5,00 seconds.	[MsgId: MMSG-15948]
..\\Parameters\\common_lib.h(2): Notify: Transaction "login" started.	[MsgId: MMSG-16999]
..\\Parameters\\common_lib.h(4): web_reg_find started  	[MsgId: MMSG-26355]
..\\Parameters\\common_lib.h(4): Registering web_reg_find was successful  	[MsgId: MMSG-26390]
..\\Parameters\\common_lib.h(7): web_submit_data("login.pl") started  	[MsgId: MMSG-26355]
..\\Parameters\\common_lib.h(7): Detected non-resource "http://localhost:1080/cgi-bin/nav.pl?page=menu&in=home" in "http://localhost:1080/cgi-bin/login.pl"  	[MsgId: MMSG-26574]
..\\Parameters\\common_lib.h(7): Detected non-resource "http://localhost:1080/cgi-bin/login.pl?intro=true" in "http://localhost:1080/cgi-bin/login.pl"  	[MsgId: MMSG-26574]
..\\Parameters\\common_lib.h(7): Found resource "http://localhost:1080/WebTours/images/flights.gif" in HTML "http://localhost:1080/cgi-bin/nav.pl?page=menu&in=home"  	[MsgId: MMSG-26659]
..\\Parameters\\common_lib.h(7): Found resource "http://localhost:1080/WebTours/images/itinerary.gif" in HTML "http://localhost:1080/cgi-bin/nav.pl?page=menu&in=home"  	[MsgId: MMSG-26659]
..\\Parameters\\common_lib.h(7): Found resource "http://localhost:1080/WebTours/images/in_home.gif" in HTML "http://localhost:1080/cgi-bin/nav.pl?page=menu&in=home"  	[MsgId: MMSG-26659]
..\\Parameters\\common_lib.h(7): Found resource "http://localhost:1080/WebTours/images/signoff.gif" in HTML "http://localhost:1080/cgi-bin/nav.pl?page=menu&in=home"  	[MsgId: MMSG-26659]
..\\Parameters\\common_lib.h(7): Registered web_reg_find successful for "Text=Welcome, <b>jjhey</b>, to the Web Tours reservation pages." (count=1)  	[MsgId: MMSG-26364]
..\\Parameters\\common_lib.h(7): web_submit_data("login.pl") was successful, 5780 body bytes, 2054 header bytes, 36 chunking overhead bytes  	[MsgId: MMSG-26385]
..\\Parameters\\common_lib.h(23): Notify: Transaction "login" ended with a "Pass" status (Duration: 0,1202 Wasted Time: 0,0000).	[MsgId: MMSG-16871]
Action.c(11): web_reg_find started  	[MsgId: MMSG-26355]
Action.c(11): Registering web_reg_find was successful  	[MsgId: MMSG-26390]
Action.c(15): web_reg_save_param started  	[MsgId: MMSG-26355]
Action.c(15): Registering web_reg_save_param was successful  	[MsgId: MMSG-26390]
Action.c(22): web_reg_save_param started  	[MsgId: MMSG-26355]
Action.c(22): Registering web_reg_save_param was successful  	[MsgId: MMSG-26390]
..\\Parameters\\common_lib.h(154): Notify: Transaction "click_Itinerary" started.	[MsgId: MMSG-16999]
..\\Parameters\\common_lib.h(156): web_url("Itinerary Button") started  	[MsgId: MMSG-26355]
..\\Parameters\\common_lib.h(156): Detected non-resource "http://localhost:1080/cgi-bin/nav.pl?page=menu&in=itinerary" in "http://localhost:1080/cgi-bin/welcome.pl?page=itinerary"  	[MsgId: MMSG-26574]
..\\Parameters\\common_lib.h(156): Detected non-resource "http://localhost:1080/cgi-bin/itinerary.pl" in "http://localhost:1080/cgi-bin/welcome.pl?page=itinerary"  	[MsgId: MMSG-26574]
..\\Parameters\\common_lib.h(156): Found resource "http://localhost:1080/WebTours/images/cancelreservation.gif" in HTML "http://localhost:1080/cgi-bin/itinerary.pl"  	[MsgId: MMSG-26659]
..\\Parameters\\common_lib.h(156): Found resource "http://localhost:1080/WebTours/images/cancelallreservations.gif" in HTML "http://localhost:1080/cgi-bin/itinerary.pl"  	[MsgId: MMSG-26659]
..\\Parameters\\common_lib.h(156): Resource "http://localhost:1080/WebTours/images/flights.gif" is in the cache already and will not be downloaded again  	[MsgId: MMSG-26655]
..\\Parameters\\common_lib.h(156): Found resource "http://localhost:1080/WebTours/images/in_itinerary.gif" in HTML "http://localhost:1080/cgi-bin/nav.pl?page=menu&in=itinerary"  	[MsgId: MMSG-26659]
..\\Parameters\\common_lib.h(156): Found resource "http://localhost:1080/WebTours/images/home.gif" in HTML "http://localhost:1080/cgi-bin/nav.pl?page=menu&in=itinerary"  	[MsgId: MMSG-26659]
..\\Parameters\\common_lib.h(156): Resource "http://localhost:1080/WebTours/images/signoff.gif" is in the cache already and will not be downloaded again  	[MsgId: MMSG-26655]
..\\Parameters\\common_lib.h(156): Registered web_reg_find successful for "Text=<H3>No flights have been reserved.</H3>"  	[MsgId: MMSG-26362]
..\\Parameters\\common_lib.h(156): web_url("Itinerary Button") was successful, 27346 body bytes, 1913 header bytes, 75 chunking overhead bytes  	[MsgId: MMSG-26385]
..\\Parameters\\common_lib.h(166): Notify: Transaction "click_Itinerary" ended with a "Pass" status (Duration: 0,1000 Wasted Time: 0,0002).	[MsgId: MMSG-16871]
Action.c(31): lr_think_time: 5,00 seconds.	[MsgId: MMSG-15948]
Action.c(45): Notify: Transaction "cancel_booking" started.	[MsgId: MMSG-16999]
Action.c(47): web_reg_find started  	[MsgId: MMSG-26355]
Action.c(47): Registering web_reg_find was successful  	[MsgId: MMSG-26390]
Action.c(55): web_submit_form("itinerary.pl") started  	[MsgId: MMSG-26355]
Action.c(55): Submitting form to "http://localhost:1080/cgi-bin/itinerary.pl", Target Frame=""  	[MsgId: MMSG-27978]
Action.c(55): Resource "http://localhost:1080/WebTours/images/cancelreservation.gif" is in the cache already and will not be downloaded again  	[MsgId: MMSG-26655]
Action.c(55): Resource "http://localhost:1080/WebTours/images/cancelallreservations.gif" is in the cache already and will not be downloaded again  	[MsgId: MMSG-26655]
Action.c(55): Registered web_reg_find successful for "Text=3292141160-6055027-YT"  	[MsgId: MMSG-26362]
Action.c(55): web_submit_form("itinerary.pl") was successful, 21074 body bytes, 256 header bytes, 44 chunking overhead bytes  	[MsgId: MMSG-26385]
Action.c(63): Notify: Transaction "cancel_booking" ended with a "Pass" status (Duration: 0,0508 Wasted Time: 0,0000).	[MsgId: MMSG-16871]
..\\Parameters\\common_lib.h(169): Notify: Transaction "Logout" started.	[MsgId: MMSG-16999]
..\\Parameters\\common_lib.h(171): web_reg_find started  	[MsgId: MMSG-26355]
..\\Parameters\\common_lib.h(171): Registering web_reg_find was successful  	[MsgId: MMSG-26390]
..\\Parameters\\common_lib.h(174): web_url("SignOff Button") started  	[MsgId: MMSG-26355]
..\\Parameters\\common_lib.h(174): Detected non-resource "http://localhost:1080/cgi-bin/nav.pl?in=home" in "http://localhost:1080/cgi-bin/welcome.pl?signOff=1"  	[MsgId: MMSG-26574]
..\\Parameters\\common_lib.h(174): Detected non-resource "http://localhost:1080/WebTours/home.html" in "http://localhost:1080/cgi-bin/welcome.pl?signOff=1"  	[MsgId: MMSG-26574]
..\\Parameters\\common_lib.h(174): Retrieving data from cache for "http://localhost:1080/WebTours/home.html"  	[MsgId: MMSG-26558]
..\\Parameters\\common_lib.h(174): Resource "http://localhost:1080/WebTours/images/mer_login.gif" is in the cache already and will not be downloaded again  	[MsgId: MMSG-26655]
..\\Parameters\\common_lib.h(174): Registered web_reg_find successful for "Text=Welcome to the Web Tours site." (count=1)  	[MsgId: MMSG-26364]
..\\Parameters\\common_lib.h(174): web_url("SignOff Button") was successful, 2175 body bytes, 583 header bytes, 24 chunking overhead bytes  	[MsgId: MMSG-26385]
..\\Parameters\\common_lib.h(184): Notify: Transaction "Logout" ended with a "Pass" status (Duration: 0,1428 Wasted Time: 0,0000).	[MsgId: MMSG-16871]
Action.c(70): Notify: Transaction "UC_2_Delete_booking" ended with a "Pass" status (Duration: 10,5142 Think Time: 10,0089 Wasted Time: 0,0006).	[MsgId: MMSG-16870]
Ending action Action.	[MsgId: MMSG-15918]
Ending Vuser...	[MsgId: MMSG-15966]
Starting action vuser_end.	[MsgId: MMSG-15919]
Ending action vuser_end.	[MsgId: MMSG-15918]
Vuser Terminated.	[MsgId: MMSG-15963]
