Virtual User Script started at: 23.05.2023 22:10:59	[MsgId: MMSG-15967]
Starting action vuser_init.	[MsgId: MMSG-15919]
Web Turbo Replay of LoadRunner 2020.0.0 for Windows 10; build 793 (ноя 27 2019 19:51:20)  	[MsgId: MMSG-26983]
Run mode: HTML  	[MsgId: MMSG-26993]
Replay user agent: Mozilla/5.0 (Windows NT 10.0; WOW64; Trident/7.0; rv:11.0) like Gecko  	[MsgId: MMSG-26988]
Runtime Settings file: "C:\Users\Anton\AppData\Local\Temp\lr5tmpdir1hK.486\lrcfgmam.487\cfgci5.496"  	[MsgId: MMSG-27141]
Ending action vuser_init.	[MsgId: MMSG-15918]
Running Vuser...	[MsgId: MMSG-15964]
Starting iteration 1.	[MsgId: MMSG-15968]
Maximum number of concurrent connections per server: 6  	[MsgId: MMSG-26989]
Starting action Action.	[MsgId: MMSG-15919]
Action.c(3): Notify: Transaction "UC_2_Delete_booking" started.	[MsgId: MMSG-16999]
..\\Parameters\\common_lib.h(27): Notify: Transaction "open_homepage" started.	[MsgId: MMSG-16999]
..\\Parameters\\common_lib.h(30): web_reg_save_param_attrib started  	[MsgId: MMSG-26355]
..\\Parameters\\common_lib.h(30): Registering web_reg_save_param_attrib was successful  	[MsgId: MMSG-26390]
..\\Parameters\\common_lib.h(41): web_url("WebTours") started  	[MsgId: MMSG-26355]
..\\Parameters\\common_lib.h(41): Detected non-resource "http://localhost:1080/WebTours/header.html" in "http://localhost:1080/WebTours/"  	[MsgId: MMSG-26574]
..\\Parameters\\common_lib.h(41): Detected non-resource "http://localhost:1080/cgi-bin/welcome.pl?signOff=true" in "http://localhost:1080/WebTours/"  	[MsgId: MMSG-26574]
..\\Parameters\\common_lib.h(41): Downloading resource "http://localhost:1080/favicon.ico" (specified by argument number 10)  	[MsgId: MMSG-26577]
..\\Parameters\\common_lib.h(41): Found resource "http://localhost:1080/WebTours/images/hp_logo.png" in HTML "http://localhost:1080/WebTours/header.html"  	[MsgId: MMSG-26659]
..\\Parameters\\common_lib.h(41): Found resource "http://localhost:1080/WebTours/images/webtours.png" in HTML "http://localhost:1080/WebTours/header.html"  	[MsgId: MMSG-26659]
..\\Parameters\\common_lib.h(41): Warning -26627: HTTP Status-Code=404 (Not Found) for "http://localhost:1080/favicon.ico"  	[MsgId: MWAR-26627]
..\\Parameters\\common_lib.h(41): Detected non-resource "http://localhost:1080/cgi-bin/nav.pl?in=home" in "http://localhost:1080/cgi-bin/welcome.pl?signOff=true"  	[MsgId: MMSG-26574]
..\\Parameters\\common_lib.h(41): Detected non-resource "http://localhost:1080/WebTours/home.html" in "http://localhost:1080/cgi-bin/welcome.pl?signOff=true"  	[MsgId: MMSG-26574]
..\\Parameters\\common_lib.h(41): Found resource "http://localhost:1080/WebTours/images/mer_login.gif" in HTML "http://localhost:1080/cgi-bin/nav.pl?in=home"  	[MsgId: MMSG-26659]
..\\Parameters\\common_lib.h(41): web_url("WebTours") highest severity level was "warning", 10289 body bytes, 2587 header bytes, 24 chunking overhead bytes  	[MsgId: MMSG-26387]
..\\Parameters\\common_lib.h(53): Notify: Transaction "open_homepage" ended with a "Pass" status (Duration: 0,1194 Wasted Time: 0,0324).	[MsgId: MMSG-16871]
Action.c(7): lr_think_time: 5,00 seconds.	[MsgId: MMSG-15948]
..\\Parameters\\common_lib.h(2): Notify: Transaction "login" started.	[MsgId: MMSG-16999]
..\\Parameters\\common_lib.h(4): web_reg_find started  	[MsgId: MMSG-26355]
..\\Parameters\\common_lib.h(4): Registering web_reg_find was successful  	[MsgId: MMSG-26390]
..\\Parameters\\common_lib.h(7): web_submit_data("login.pl") started  	[MsgId: MMSG-26355]
..\\Parameters\\common_lib.h(7): Detected non-resource "http://localhost:1080/cgi-bin/nav.pl?page=menu&in=home" in "http://localhost:1080/cgi-bin/login.pl"  	[MsgId: MMSG-26574]
..\\Parameters\\common_lib.h(7): Detected non-resource "http://localhost:1080/cgi-bin/login.pl?intro=true" in "http://localhost:1080/cgi-bin/login.pl"  	[MsgId: MMSG-26574]
..\\Parameters\\common_lib.h(7): Found resource "http://localhost:1080/WebTours/images/flights.gif" in HTML "http://localhost:1080/cgi-bin/nav.pl?page=menu&in=home"  	[MsgId: MMSG-26659]
..\\Parameters\\common_lib.h(7): Found resource "http://localhost:1080/WebTours/images/itinerary.gif" in HTML "http://localhost:1080/cgi-bin/nav.pl?page=menu&in=home"  	[MsgId: MMSG-26659]
..\\Parameters\\common_lib.h(7): Found resource "http://localhost:1080/WebTours/images/in_home.gif" in HTML "http://localhost:1080/cgi-bin/nav.pl?page=menu&in=home"  	[MsgId: MMSG-26659]
..\\Parameters\\common_lib.h(7): Found resource "http://localhost:1080/WebTours/images/signoff.gif" in HTML "http://localhost:1080/cgi-bin/nav.pl?page=menu&in=home"  	[MsgId: MMSG-26659]
..\\Parameters\\common_lib.h(7): Registered web_reg_find successful for "Text=Welcome, <b>iamunknown</b>, to the Web Tours reservation pages." (count=1)  	[MsgId: MMSG-26364]
..\\Parameters\\common_lib.h(7): web_submit_data("login.pl") was successful, 5785 body bytes, 2072 header bytes, 36 chunking overhead bytes  	[MsgId: MMSG-26385]
..\\Parameters\\common_lib.h(23): Notify: Transaction "login" ended with a "Pass" status (Duration: 0,1368 Wasted Time: 0,0000).	[MsgId: MMSG-16871]
Action.c(11): web_reg_find started  	[MsgId: MMSG-26355]
Action.c(11): Registering web_reg_find was successful  	[MsgId: MMSG-26390]
Action.c(15): web_reg_save_param started  	[MsgId: MMSG-26355]
Action.c(15): Registering web_reg_save_param was successful  	[MsgId: MMSG-26390]
Action.c(22): web_reg_save_param started  	[MsgId: MMSG-26355]
Action.c(22): Registering web_reg_save_param was successful  	[MsgId: MMSG-26390]
..\\Parameters\\common_lib.h(154): Notify: Transaction "click_Itinerary" started.	[MsgId: MMSG-16999]
..\\Parameters\\common_lib.h(156): web_url("Itinerary Button") started  	[MsgId: MMSG-26355]
..\\Parameters\\common_lib.h(156): Detected non-resource "http://localhost:1080/cgi-bin/nav.pl?page=menu&in=itinerary" in "http://localhost:1080/cgi-bin/welcome.pl?page=itinerary"  	[MsgId: MMSG-26574]
..\\Parameters\\common_lib.h(156): Detected non-resource "http://localhost:1080/cgi-bin/itinerary.pl" in "http://localhost:1080/cgi-bin/welcome.pl?page=itinerary"  	[MsgId: MMSG-26574]
..\\Parameters\\common_lib.h(156): Resource "http://localhost:1080/WebTours/images/flights.gif" is in the cache already and will not be downloaded again  	[MsgId: MMSG-26655]
..\\Parameters\\common_lib.h(156): Found resource "http://localhost:1080/WebTours/images/in_itinerary.gif" in HTML "http://localhost:1080/cgi-bin/nav.pl?page=menu&in=itinerary"  	[MsgId: MMSG-26659]
..\\Parameters\\common_lib.h(156): Found resource "http://localhost:1080/WebTours/images/home.gif" in HTML "http://localhost:1080/cgi-bin/nav.pl?page=menu&in=itinerary"  	[MsgId: MMSG-26659]
..\\Parameters\\common_lib.h(156): Resource "http://localhost:1080/WebTours/images/signoff.gif" is in the cache already and will not be downloaded again  	[MsgId: MMSG-26655]
..\\Parameters\\common_lib.h(156): Registered web_reg_find successful for "Text=<H3>No flights have been reserved.</H3>" (count=1)  	[MsgId: MMSG-26364]
..\\Parameters\\common_lib.h(156): Warning -26377: No match found for the requested parameter "flightID". Either the specified boundaries were not found in the response or the matched text is longer than current max html parameter size of 256 bytes. The total length of the response is 4381 bytes. You can use "web_set_max_html_param_len" to increase the max parameter size.  	[MsgId: MWAR-26377]
..\\Parameters\\common_lib.h(156): Warning -26377: No match found for the requested parameter "checkbox". Either the specified boundaries were not found in the response or the matched text is longer than current max html parameter size of 256 bytes. The total length of the response is 4381 bytes. You can use "web_set_max_html_param_len" to increase the max parameter size.  	[MsgId: MWAR-26377]
..\\Parameters\\common_lib.h(156): web_url("Itinerary Button") highest severity level was "warning", 4381 body bytes, 1319 header bytes, 36 chunking overhead bytes  	[MsgId: MMSG-26387]
..\\Parameters\\common_lib.h(166): Notify: Transaction "click_Itinerary" ended with a "Pass" status (Duration: 0,0934 Wasted Time: 0,0000).	[MsgId: MMSG-16871]
Action.c(31): lr_think_time: 5,00 seconds.	[MsgId: MMSG-15948]
..\\Parameters\\common_lib.h(169): Notify: Transaction "Logout" started.	[MsgId: MMSG-16999]
..\\Parameters\\common_lib.h(171): web_reg_find started  	[MsgId: MMSG-26355]
..\\Parameters\\common_lib.h(171): Registering web_reg_find was successful  	[MsgId: MMSG-26390]
..\\Parameters\\common_lib.h(174): web_url("SignOff Button") started  	[MsgId: MMSG-26355]
..\\Parameters\\common_lib.h(174): Detected non-resource "http://localhost:1080/cgi-bin/nav.pl?in=home" in "http://localhost:1080/cgi-bin/welcome.pl?signOff=1"  	[MsgId: MMSG-26574]
..\\Parameters\\common_lib.h(174): Detected non-resource "http://localhost:1080/WebTours/home.html" in "http://localhost:1080/cgi-bin/welcome.pl?signOff=1"  	[MsgId: MMSG-26574]
..\\Parameters\\common_lib.h(174): Retrieving data from cache for "http://localhost:1080/WebTours/home.html"  	[MsgId: MMSG-26558]
..\\Parameters\\common_lib.h(174): Resource "http://localhost:1080/WebTours/images/mer_login.gif" is in the cache already and will not be downloaded again  	[MsgId: MMSG-26655]
..\\Parameters\\common_lib.h(174): Registered web_reg_find successful for "Text=Welcome to the Web Tours site." (count=1)  	[MsgId: MMSG-26364]
..\\Parameters\\common_lib.h(174): web_url("SignOff Button") was successful, 2172 body bytes, 584 header bytes, 24 chunking overhead bytes  	[MsgId: MMSG-26385]
..\\Parameters\\common_lib.h(184): Notify: Transaction "Logout" ended with a "Pass" status (Duration: 0,0875 Wasted Time: 0,0000).	[MsgId: MMSG-16871]
Action.c(70): Notify: Transaction "UC_2_Delete_booking" ended with a "Pass" status (Duration: 10,4570 Think Time: 10,0179 Wasted Time: 0,0325).	[MsgId: MMSG-16870]
Ending action Action.	[MsgId: MMSG-15918]
Ending iteration 1.	[MsgId: MMSG-15965]
Waiting 13,5420 seconds for iteration pacing.	[MsgId: MMSG-15996]
Starting iteration 2.	[MsgId: MMSG-15968]
Starting action Action.	[MsgId: MMSG-15919]
Action.c(3): Notify: Transaction "UC_2_Delete_booking" started.	[MsgId: MMSG-16999]
..\\Parameters\\common_lib.h(27): Notify: Transaction "open_homepage" started.	[MsgId: MMSG-16999]
..\\Parameters\\common_lib.h(30): web_reg_save_param_attrib started  	[MsgId: MMSG-26355]
..\\Parameters\\common_lib.h(30): Registering web_reg_save_param_attrib was successful  	[MsgId: MMSG-26390]
..\\Parameters\\common_lib.h(41): web_url("WebTours") started  	[MsgId: MMSG-26355]
..\\Parameters\\common_lib.h(41): Detected non-resource "http://localhost:1080/WebTours/header.html" in "http://localhost:1080/WebTours/"  	[MsgId: MMSG-26574]
..\\Parameters\\common_lib.h(41): Detected non-resource "http://localhost:1080/cgi-bin/welcome.pl?signOff=true" in "http://localhost:1080/WebTours/"  	[MsgId: MMSG-26574]
..\\Parameters\\common_lib.h(41): Downloading resource "http://localhost:1080/favicon.ico" (specified by argument number 10)  	[MsgId: MMSG-26577]
..\\Parameters\\common_lib.h(41): Found resource "http://localhost:1080/WebTours/images/hp_logo.png" in HTML "http://localhost:1080/WebTours/header.html"  	[MsgId: MMSG-26659]
..\\Parameters\\common_lib.h(41): Found resource "http://localhost:1080/WebTours/images/webtours.png" in HTML "http://localhost:1080/WebTours/header.html"  	[MsgId: MMSG-26659]
..\\Parameters\\common_lib.h(41): Warning -26627: HTTP Status-Code=404 (Not Found) for "http://localhost:1080/favicon.ico"  	[MsgId: MWAR-26627]
..\\Parameters\\common_lib.h(41): Detected non-resource "http://localhost:1080/cgi-bin/nav.pl?in=home" in "http://localhost:1080/cgi-bin/welcome.pl?signOff=true"  	[MsgId: MMSG-26574]
..\\Parameters\\common_lib.h(41): Detected non-resource "http://localhost:1080/WebTours/home.html" in "http://localhost:1080/cgi-bin/welcome.pl?signOff=true"  	[MsgId: MMSG-26574]
..\\Parameters\\common_lib.h(41): Found resource "http://localhost:1080/WebTours/images/mer_login.gif" in HTML "http://localhost:1080/cgi-bin/nav.pl?in=home"  	[MsgId: MMSG-26659]
..\\Parameters\\common_lib.h(41): web_url("WebTours") highest severity level was "warning", 10289 body bytes, 2587 header bytes, 24 chunking overhead bytes  	[MsgId: MMSG-26387]
..\\Parameters\\common_lib.h(53): Notify: Transaction "open_homepage" ended with a "Pass" status (Duration: 0,0930 Wasted Time: 0,0004).	[MsgId: MMSG-16871]
Action.c(7): lr_think_time: 5,00 seconds.	[MsgId: MMSG-15948]
..\\Parameters\\common_lib.h(2): Notify: Transaction "login" started.	[MsgId: MMSG-16999]
..\\Parameters\\common_lib.h(4): web_reg_find started  	[MsgId: MMSG-26355]
..\\Parameters\\common_lib.h(4): Registering web_reg_find was successful  	[MsgId: MMSG-26390]
..\\Parameters\\common_lib.h(7): web_submit_data("login.pl") started  	[MsgId: MMSG-26355]
..\\Parameters\\common_lib.h(7): Detected non-resource "http://localhost:1080/cgi-bin/nav.pl?page=menu&in=home" in "http://localhost:1080/cgi-bin/login.pl"  	[MsgId: MMSG-26574]
..\\Parameters\\common_lib.h(7): Detected non-resource "http://localhost:1080/cgi-bin/login.pl?intro=true" in "http://localhost:1080/cgi-bin/login.pl"  	[MsgId: MMSG-26574]
..\\Parameters\\common_lib.h(7): Found resource "http://localhost:1080/WebTours/images/flights.gif" in HTML "http://localhost:1080/cgi-bin/nav.pl?page=menu&in=home"  	[MsgId: MMSG-26659]
..\\Parameters\\common_lib.h(7): Found resource "http://localhost:1080/WebTours/images/itinerary.gif" in HTML "http://localhost:1080/cgi-bin/nav.pl?page=menu&in=home"  	[MsgId: MMSG-26659]
..\\Parameters\\common_lib.h(7): Found resource "http://localhost:1080/WebTours/images/in_home.gif" in HTML "http://localhost:1080/cgi-bin/nav.pl?page=menu&in=home"  	[MsgId: MMSG-26659]
..\\Parameters\\common_lib.h(7): Found resource "http://localhost:1080/WebTours/images/signoff.gif" in HTML "http://localhost:1080/cgi-bin/nav.pl?page=menu&in=home"  	[MsgId: MMSG-26659]
..\\Parameters\\common_lib.h(7): Registered web_reg_find successful for "Text=Welcome, <b>wowboy</b>, to the Web Tours reservation pages." (count=1)  	[MsgId: MMSG-26364]
..\\Parameters\\common_lib.h(7): web_submit_data("login.pl") was successful, 5781 body bytes, 2060 header bytes, 36 chunking overhead bytes  	[MsgId: MMSG-26385]
..\\Parameters\\common_lib.h(23): Notify: Transaction "login" ended with a "Pass" status (Duration: 0,1574 Wasted Time: 0,0000).	[MsgId: MMSG-16871]
Action.c(11): web_reg_find started  	[MsgId: MMSG-26355]
Action.c(11): Registering web_reg_find was successful  	[MsgId: MMSG-26390]
Action.c(15): web_reg_save_param started  	[MsgId: MMSG-26355]
Action.c(15): Registering web_reg_save_param was successful  	[MsgId: MMSG-26390]
Action.c(22): web_reg_save_param started  	[MsgId: MMSG-26355]
Action.c(22): Registering web_reg_save_param was successful  	[MsgId: MMSG-26390]
..\\Parameters\\common_lib.h(154): Notify: Transaction "click_Itinerary" started.	[MsgId: MMSG-16999]
..\\Parameters\\common_lib.h(156): web_url("Itinerary Button") started  	[MsgId: MMSG-26355]
..\\Parameters\\common_lib.h(156): Detected non-resource "http://localhost:1080/cgi-bin/nav.pl?page=menu&in=itinerary" in "http://localhost:1080/cgi-bin/welcome.pl?page=itinerary"  	[MsgId: MMSG-26574]
..\\Parameters\\common_lib.h(156): Detected non-resource "http://localhost:1080/cgi-bin/itinerary.pl" in "http://localhost:1080/cgi-bin/welcome.pl?page=itinerary"  	[MsgId: MMSG-26574]
..\\Parameters\\common_lib.h(156): Resource "http://localhost:1080/WebTours/images/flights.gif" is in the cache already and will not be downloaded again  	[MsgId: MMSG-26655]
..\\Parameters\\common_lib.h(156): Found resource "http://localhost:1080/WebTours/images/in_itinerary.gif" in HTML "http://localhost:1080/cgi-bin/nav.pl?page=menu&in=itinerary"  	[MsgId: MMSG-26659]
..\\Parameters\\common_lib.h(156): Found resource "http://localhost:1080/WebTours/images/home.gif" in HTML "http://localhost:1080/cgi-bin/nav.pl?page=menu&in=itinerary"  	[MsgId: MMSG-26659]
..\\Parameters\\common_lib.h(156): Resource "http://localhost:1080/WebTours/images/signoff.gif" is in the cache already and will not be downloaded again  	[MsgId: MMSG-26655]
..\\Parameters\\common_lib.h(156): Registered web_reg_find successful for "Text=<H3>No flights have been reserved.</H3>" (count=1)  	[MsgId: MMSG-26364]
..\\Parameters\\common_lib.h(156): Warning -26377: No match found for the requested parameter "flightID". Either the specified boundaries were not found in the response or the matched text is longer than current max html parameter size of 256 bytes. The total length of the response is 4381 bytes. You can use "web_set_max_html_param_len" to increase the max parameter size.  	[MsgId: MWAR-26377]
..\\Parameters\\common_lib.h(156): Warning -26377: No match found for the requested parameter "checkbox". Either the specified boundaries were not found in the response or the matched text is longer than current max html parameter size of 256 bytes. The total length of the response is 4381 bytes. You can use "web_set_max_html_param_len" to increase the max parameter size.  	[MsgId: MWAR-26377]
..\\Parameters\\common_lib.h(156): web_url("Itinerary Button") highest severity level was "warning", 4381 body bytes, 1319 header bytes, 36 chunking overhead bytes  	[MsgId: MMSG-26387]
..\\Parameters\\common_lib.h(166): Notify: Transaction "click_Itinerary" ended with a "Pass" status (Duration: 0,1407 Wasted Time: 0,0000).	[MsgId: MMSG-16871]
Action.c(31): lr_think_time: 5,00 seconds.	[MsgId: MMSG-15948]
..\\Parameters\\common_lib.h(169): Notify: Transaction "Logout" started.	[MsgId: MMSG-16999]
..\\Parameters\\common_lib.h(171): web_reg_find started  	[MsgId: MMSG-26355]
..\\Parameters\\common_lib.h(171): Registering web_reg_find was successful  	[MsgId: MMSG-26390]
..\\Parameters\\common_lib.h(174): web_url("SignOff Button") started  	[MsgId: MMSG-26355]
..\\Parameters\\common_lib.h(174): Detected non-resource "http://localhost:1080/cgi-bin/nav.pl?in=home" in "http://localhost:1080/cgi-bin/welcome.pl?signOff=1"  	[MsgId: MMSG-26574]
..\\Parameters\\common_lib.h(174): Detected non-resource "http://localhost:1080/WebTours/home.html" in "http://localhost:1080/cgi-bin/welcome.pl?signOff=1"  	[MsgId: MMSG-26574]
..\\Parameters\\common_lib.h(174): Retrieving data from cache for "http://localhost:1080/WebTours/home.html"  	[MsgId: MMSG-26558]
..\\Parameters\\common_lib.h(174): Resource "http://localhost:1080/WebTours/images/mer_login.gif" is in the cache already and will not be downloaded again  	[MsgId: MMSG-26655]
..\\Parameters\\common_lib.h(174): Registered web_reg_find successful for "Text=Welcome to the Web Tours site." (count=1)  	[MsgId: MMSG-26364]
..\\Parameters\\common_lib.h(174): web_url("SignOff Button") was successful, 2172 body bytes, 584 header bytes, 24 chunking overhead bytes  	[MsgId: MMSG-26385]
..\\Parameters\\common_lib.h(184): Notify: Transaction "Logout" ended with a "Pass" status (Duration: 0,0883 Wasted Time: 0,0000).	[MsgId: MMSG-16871]
Action.c(70): Notify: Transaction "UC_2_Delete_booking" ended with a "Pass" status (Duration: 10,4933 Think Time: 10,0131 Wasted Time: 0,0005).	[MsgId: MMSG-16870]
Ending action Action.	[MsgId: MMSG-15918]
Ending iteration 2.	[MsgId: MMSG-15965]
Waiting 13,5070 seconds for iteration pacing.	[MsgId: MMSG-15996]
Starting iteration 3.	[MsgId: MMSG-15968]
Starting action Action.	[MsgId: MMSG-15919]
Action.c(3): Notify: Transaction "UC_2_Delete_booking" started.	[MsgId: MMSG-16999]
..\\Parameters\\common_lib.h(27): Notify: Transaction "open_homepage" started.	[MsgId: MMSG-16999]
..\\Parameters\\common_lib.h(30): web_reg_save_param_attrib started  	[MsgId: MMSG-26355]
..\\Parameters\\common_lib.h(30): Registering web_reg_save_param_attrib was successful  	[MsgId: MMSG-26390]
..\\Parameters\\common_lib.h(41): web_url("WebTours") started  	[MsgId: MMSG-26355]
..\\Parameters\\common_lib.h(41): Detected non-resource "http://localhost:1080/WebTours/header.html" in "http://localhost:1080/WebTours/"  	[MsgId: MMSG-26574]
..\\Parameters\\common_lib.h(41): Detected non-resource "http://localhost:1080/cgi-bin/welcome.pl?signOff=true" in "http://localhost:1080/WebTours/"  	[MsgId: MMSG-26574]
..\\Parameters\\common_lib.h(41): Downloading resource "http://localhost:1080/favicon.ico" (specified by argument number 10)  	[MsgId: MMSG-26577]
..\\Parameters\\common_lib.h(41): Found resource "http://localhost:1080/WebTours/images/hp_logo.png" in HTML "http://localhost:1080/WebTours/header.html"  	[MsgId: MMSG-26659]
..\\Parameters\\common_lib.h(41): Found resource "http://localhost:1080/WebTours/images/webtours.png" in HTML "http://localhost:1080/WebTours/header.html"  	[MsgId: MMSG-26659]
..\\Parameters\\common_lib.h(41): Warning -26627: HTTP Status-Code=404 (Not Found) for "http://localhost:1080/favicon.ico"  	[MsgId: MWAR-26627]
..\\Parameters\\common_lib.h(41): Detected non-resource "http://localhost:1080/cgi-bin/nav.pl?in=home" in "http://localhost:1080/cgi-bin/welcome.pl?signOff=true"  	[MsgId: MMSG-26574]
..\\Parameters\\common_lib.h(41): Detected non-resource "http://localhost:1080/WebTours/home.html" in "http://localhost:1080/cgi-bin/welcome.pl?signOff=true"  	[MsgId: MMSG-26574]
..\\Parameters\\common_lib.h(41): Found resource "http://localhost:1080/WebTours/images/mer_login.gif" in HTML "http://localhost:1080/cgi-bin/nav.pl?in=home"  	[MsgId: MMSG-26659]
..\\Parameters\\common_lib.h(41): web_url("WebTours") highest severity level was "warning", 10289 body bytes, 2587 header bytes, 24 chunking overhead bytes  	[MsgId: MMSG-26387]
..\\Parameters\\common_lib.h(53): Notify: Transaction "open_homepage" ended with a "Pass" status (Duration: 0,0922 Wasted Time: 0,0004).	[MsgId: MMSG-16871]
Action.c(7): lr_think_time: 5,00 seconds.	[MsgId: MMSG-15948]
Virtual User Script started at: 23.05.2023 22:11:49	[MsgId: MMSG-15967]
Starting action vuser_init.	[MsgId: MMSG-15919]
Web Turbo Replay of LoadRunner 2020.0.0 for Windows 10; build 793 (ноя 27 2019 19:51:20)  	[MsgId: MMSG-26983]
Run mode: HTML  	[MsgId: MMSG-26993]
Replay user agent: Mozilla/5.0 (Windows NT 10.0; WOW64; Trident/7.0; rv:11.0) like Gecko  	[MsgId: MMSG-26988]
Runtime Settings file: "C:\Users\Anton\AppData\Local\Temp\lr5tmpdir1hK.486\lrcfgmam.487\cfgci5.496"  	[MsgId: MMSG-27141]
Ending action vuser_init.	[MsgId: MMSG-15918]
Running Vuser...	[MsgId: MMSG-15964]
Starting iteration 1.	[MsgId: MMSG-15968]
Maximum number of concurrent connections per server: 6  	[MsgId: MMSG-26989]
Starting action Action.	[MsgId: MMSG-15919]
Action.c(3): Notify: Transaction "UC_2_Delete_booking" started.	[MsgId: MMSG-16999]
..\\Parameters\\common_lib.h(27): Notify: Transaction "open_homepage" started.	[MsgId: MMSG-16999]
..\\Parameters\\common_lib.h(30): web_reg_save_param_attrib started  	[MsgId: MMSG-26355]
..\\Parameters\\common_lib.h(30): Registering web_reg_save_param_attrib was successful  	[MsgId: MMSG-26390]
..\\Parameters\\common_lib.h(41): web_url("WebTours") started  	[MsgId: MMSG-26355]
..\\Parameters\\common_lib.h(41): Detected non-resource "http://localhost:1080/WebTours/header.html" in "http://localhost:1080/WebTours/"  	[MsgId: MMSG-26574]
..\\Parameters\\common_lib.h(41): Detected non-resource "http://localhost:1080/cgi-bin/welcome.pl?signOff=true" in "http://localhost:1080/WebTours/"  	[MsgId: MMSG-26574]
..\\Parameters\\common_lib.h(41): Downloading resource "http://localhost:1080/favicon.ico" (specified by argument number 10)  	[MsgId: MMSG-26577]
..\\Parameters\\common_lib.h(41): Found resource "http://localhost:1080/WebTours/images/hp_logo.png" in HTML "http://localhost:1080/WebTours/header.html"  	[MsgId: MMSG-26659]
..\\Parameters\\common_lib.h(41): Found resource "http://localhost:1080/WebTours/images/webtours.png" in HTML "http://localhost:1080/WebTours/header.html"  	[MsgId: MMSG-26659]
..\\Parameters\\common_lib.h(41): Warning -26627: HTTP Status-Code=404 (Not Found) for "http://localhost:1080/favicon.ico"  	[MsgId: MWAR-26627]
..\\Parameters\\common_lib.h(41): Detected non-resource "http://localhost:1080/cgi-bin/nav.pl?in=home" in "http://localhost:1080/cgi-bin/welcome.pl?signOff=true"  	[MsgId: MMSG-26574]
..\\Parameters\\common_lib.h(41): Detected non-resource "http://localhost:1080/WebTours/home.html" in "http://localhost:1080/cgi-bin/welcome.pl?signOff=true"  	[MsgId: MMSG-26574]
..\\Parameters\\common_lib.h(41): Found resource "http://localhost:1080/WebTours/images/mer_login.gif" in HTML "http://localhost:1080/cgi-bin/nav.pl?in=home"  	[MsgId: MMSG-26659]
..\\Parameters\\common_lib.h(41): web_url("WebTours") highest severity level was "warning", 10289 body bytes, 2587 header bytes, 24 chunking overhead bytes  	[MsgId: MMSG-26387]
..\\Parameters\\common_lib.h(53): Notify: Transaction "open_homepage" ended with a "Pass" status (Duration: 0,0860 Wasted Time: 0,0004).	[MsgId: MMSG-16871]
Action.c(7): lr_think_time: 5,00 seconds.	[MsgId: MMSG-15948]
..\\Parameters\\common_lib.h(2): Notify: Transaction "login" started.	[MsgId: MMSG-16999]
..\\Parameters\\common_lib.h(4): web_reg_find started  	[MsgId: MMSG-26355]
..\\Parameters\\common_lib.h(4): Registering web_reg_find was successful  	[MsgId: MMSG-26390]
..\\Parameters\\common_lib.h(7): web_submit_data("login.pl") started  	[MsgId: MMSG-26355]
..\\Parameters\\common_lib.h(7): Detected non-resource "http://localhost:1080/cgi-bin/nav.pl?page=menu&in=home" in "http://localhost:1080/cgi-bin/login.pl"  	[MsgId: MMSG-26574]
..\\Parameters\\common_lib.h(7): Detected non-resource "http://localhost:1080/cgi-bin/login.pl?intro=true" in "http://localhost:1080/cgi-bin/login.pl"  	[MsgId: MMSG-26574]
..\\Parameters\\common_lib.h(7): Found resource "http://localhost:1080/WebTours/images/flights.gif" in HTML "http://localhost:1080/cgi-bin/nav.pl?page=menu&in=home"  	[MsgId: MMSG-26659]
..\\Parameters\\common_lib.h(7): Found resource "http://localhost:1080/WebTours/images/itinerary.gif" in HTML "http://localhost:1080/cgi-bin/nav.pl?page=menu&in=home"  	[MsgId: MMSG-26659]
..\\Parameters\\common_lib.h(7): Found resource "http://localhost:1080/WebTours/images/in_home.gif" in HTML "http://localhost:1080/cgi-bin/nav.pl?page=menu&in=home"  	[MsgId: MMSG-26659]
..\\Parameters\\common_lib.h(7): Found resource "http://localhost:1080/WebTours/images/signoff.gif" in HTML "http://localhost:1080/cgi-bin/nav.pl?page=menu&in=home"  	[MsgId: MMSG-26659]
..\\Parameters\\common_lib.h(7): Registered web_reg_find successful for "Text=Welcome, <b>bigpig</b>, to the Web Tours reservation pages." (count=1)  	[MsgId: MMSG-26364]
..\\Parameters\\common_lib.h(7): web_submit_data("login.pl") was successful, 5781 body bytes, 2053 header bytes, 36 chunking overhead bytes  	[MsgId: MMSG-26385]
..\\Parameters\\common_lib.h(23): Notify: Transaction "login" ended with a "Pass" status (Duration: 0,1021 Wasted Time: 0,0000).	[MsgId: MMSG-16871]
Action.c(11): web_reg_find started  	[MsgId: MMSG-26355]
Action.c(11): Registering web_reg_find was successful  	[MsgId: MMSG-26390]
Action.c(15): web_reg_save_param started  	[MsgId: MMSG-26355]
Action.c(15): Registering web_reg_save_param was successful  	[MsgId: MMSG-26390]
Action.c(22): web_reg_save_param started  	[MsgId: MMSG-26355]
Action.c(22): Registering web_reg_save_param was successful  	[MsgId: MMSG-26390]
..\\Parameters\\common_lib.h(154): Notify: Transaction "click_Itinerary" started.	[MsgId: MMSG-16999]
..\\Parameters\\common_lib.h(156): web_url("Itinerary Button") started  	[MsgId: MMSG-26355]
..\\Parameters\\common_lib.h(156): Detected non-resource "http://localhost:1080/cgi-bin/nav.pl?page=menu&in=itinerary" in "http://localhost:1080/cgi-bin/welcome.pl?page=itinerary"  	[MsgId: MMSG-26574]
..\\Parameters\\common_lib.h(156): Detected non-resource "http://localhost:1080/cgi-bin/itinerary.pl" in "http://localhost:1080/cgi-bin/welcome.pl?page=itinerary"  	[MsgId: MMSG-26574]
..\\Parameters\\common_lib.h(156): Resource "http://localhost:1080/WebTours/images/flights.gif" is in the cache already and will not be downloaded again  	[MsgId: MMSG-26655]
..\\Parameters\\common_lib.h(156): Found resource "http://localhost:1080/WebTours/images/in_itinerary.gif" in HTML "http://localhost:1080/cgi-bin/nav.pl?page=menu&in=itinerary"  	[MsgId: MMSG-26659]
..\\Parameters\\common_lib.h(156): Found resource "http://localhost:1080/WebTours/images/home.gif" in HTML "http://localhost:1080/cgi-bin/nav.pl?page=menu&in=itinerary"  	[MsgId: MMSG-26659]
..\\Parameters\\common_lib.h(156): Resource "http://localhost:1080/WebTours/images/signoff.gif" is in the cache already and will not be downloaded again  	[MsgId: MMSG-26655]
..\\Parameters\\common_lib.h(156): Found resource "http://localhost:1080/WebTours/images/cancelreservation.gif" in HTML "http://localhost:1080/cgi-bin/itinerary.pl"  	[MsgId: MMSG-26659]
..\\Parameters\\common_lib.h(156): Found resource "http://localhost:1080/WebTours/images/cancelallreservations.gif" in HTML "http://localhost:1080/cgi-bin/itinerary.pl"  	[MsgId: MMSG-26659]
..\\Parameters\\common_lib.h(156): Registered web_reg_find successful for "Text=<H3>No flights have been reserved.</H3>"  	[MsgId: MMSG-26362]
..\\Parameters\\common_lib.h(156): web_url("Itinerary Button") was successful, 9056 body bytes, 1913 header bytes, 36 chunking overhead bytes  	[MsgId: MMSG-26385]
..\\Parameters\\common_lib.h(166): Notify: Transaction "click_Itinerary" ended with a "Pass" status (Duration: 0,1336 Wasted Time: 0,0003).	[MsgId: MMSG-16871]
Action.c(31): lr_think_time: 5,00 seconds.	[MsgId: MMSG-15948]
..\\Parameters\\common_lib.h(2): Notify: Transaction "login" started.	[MsgId: MMSG-16999]
..\\Parameters\\common_lib.h(4): web_reg_find started  	[MsgId: MMSG-26355]
..\\Parameters\\common_lib.h(4): Registering web_reg_find was successful  	[MsgId: MMSG-26390]
..\\Parameters\\common_lib.h(7): web_submit_data("login.pl") started  	[MsgId: MMSG-26355]
..\\Parameters\\common_lib.h(7): Detected non-resource "http://localhost:1080/cgi-bin/nav.pl?page=menu&in=home" in "http://localhost:1080/cgi-bin/login.pl"  	[MsgId: MMSG-26574]
..\\Parameters\\common_lib.h(7): Detected non-resource "http://localhost:1080/cgi-bin/login.pl?intro=true" in "http://localhost:1080/cgi-bin/login.pl"  	[MsgId: MMSG-26574]
..\\Parameters\\common_lib.h(7): Found resource "http://localhost:1080/WebTours/images/flights.gif" in HTML "http://localhost:1080/cgi-bin/nav.pl?page=menu&in=home"  	[MsgId: MMSG-26659]
..\\Parameters\\common_lib.h(7): Found resource "http://localhost:1080/WebTours/images/itinerary.gif" in HTML "http://localhost:1080/cgi-bin/nav.pl?page=menu&in=home"  	[MsgId: MMSG-26659]
..\\Parameters\\common_lib.h(7): Found resource "http://localhost:1080/WebTours/images/in_home.gif" in HTML "http://localhost:1080/cgi-bin/nav.pl?page=menu&in=home"  	[MsgId: MMSG-26659]
..\\Parameters\\common_lib.h(7): Found resource "http://localhost:1080/WebTours/images/signoff.gif" in HTML "http://localhost:1080/cgi-bin/nav.pl?page=menu&in=home"  	[MsgId: MMSG-26659]
..\\Parameters\\common_lib.h(7): Registered web_reg_find successful for "Text=Welcome, <b>diplomanone</b>, to the Web Tours reservation pages." (count=1)  	[MsgId: MMSG-26364]
..\\Parameters\\common_lib.h(7): web_submit_data("login.pl") was successful, 5786 body bytes, 2072 header bytes, 36 chunking overhead bytes  	[MsgId: MMSG-26385]
..\\Parameters\\common_lib.h(23): Notify: Transaction "login" ended with a "Pass" status (Duration: 0,1419 Wasted Time: 0,0000).	[MsgId: MMSG-16871]
Action.c(11): web_reg_find started  	[MsgId: MMSG-26355]
Action.c(11): Registering web_reg_find was successful  	[MsgId: MMSG-26390]
Action.c(15): web_reg_save_param started  	[MsgId: MMSG-26355]
Action.c(15): Registering web_reg_save_param was successful  	[MsgId: MMSG-26390]
Action.c(22): web_reg_save_param started  	[MsgId: MMSG-26355]
Action.c(22): Registering web_reg_save_param was successful  	[MsgId: MMSG-26390]
..\\Parameters\\common_lib.h(154): Notify: Transaction "click_Itinerary" started.	[MsgId: MMSG-16999]
..\\Parameters\\common_lib.h(156): web_url("Itinerary Button") started  	[MsgId: MMSG-26355]
..\\Parameters\\common_lib.h(156): Detected non-resource "http://localhost:1080/cgi-bin/nav.pl?page=menu&in=itinerary" in "http://localhost:1080/cgi-bin/welcome.pl?page=itinerary"  	[MsgId: MMSG-26574]
..\\Parameters\\common_lib.h(156): Detected non-resource "http://localhost:1080/cgi-bin/itinerary.pl" in "http://localhost:1080/cgi-bin/welcome.pl?page=itinerary"  	[MsgId: MMSG-26574]
..\\Parameters\\common_lib.h(156): Resource "http://localhost:1080/WebTours/images/flights.gif" is in the cache already and will not be downloaded again  	[MsgId: MMSG-26655]
..\\Parameters\\common_lib.h(156): Found resource "http://localhost:1080/WebTours/images/in_itinerary.gif" in HTML "http://localhost:1080/cgi-bin/nav.pl?page=menu&in=itinerary"  	[MsgId: MMSG-26659]
..\\Parameters\\common_lib.h(156): Found resource "http://localhost:1080/WebTours/images/home.gif" in HTML "http://localhost:1080/cgi-bin/nav.pl?page=menu&in=itinerary"  	[MsgId: MMSG-26659]
..\\Parameters\\common_lib.h(156): Resource "http://localhost:1080/WebTours/images/signoff.gif" is in the cache already and will not be downloaded again  	[MsgId: MMSG-26655]
..\\Parameters\\common_lib.h(156): Registered web_reg_find successful for "Text=<H3>No flights have been reserved.</H3>" (count=1)  	[MsgId: MMSG-26364]
..\\Parameters\\common_lib.h(156): Warning -26377: No match found for the requested parameter "flightID". Either the specified boundaries were not found in the response or the matched text is longer than current max html parameter size of 256 bytes. The total length of the response is 4381 bytes. You can use "web_set_max_html_param_len" to increase the max parameter size.  	[MsgId: MWAR-26377]
..\\Parameters\\common_lib.h(156): Warning -26377: No match found for the requested parameter "checkbox". Either the specified boundaries were not found in the response or the matched text is longer than current max html parameter size of 256 bytes. The total length of the response is 4381 bytes. You can use "web_set_max_html_param_len" to increase the max parameter size.  	[MsgId: MWAR-26377]
..\\Parameters\\common_lib.h(156): web_url("Itinerary Button") highest severity level was "warning", 4381 body bytes, 1319 header bytes, 36 chunking overhead bytes  	[MsgId: MMSG-26387]
..\\Parameters\\common_lib.h(166): Notify: Transaction "click_Itinerary" ended with a "Pass" status (Duration: 0,0983 Wasted Time: 0,0000).	[MsgId: MMSG-16871]
Action.c(31): lr_think_time: 5,00 seconds.	[MsgId: MMSG-15948]
Action.c(45): Notify: Transaction "cancel_booking" started.	[MsgId: MMSG-16999]
Action.c(47): web_reg_find started  	[MsgId: MMSG-26355]
Action.c(47): Registering web_reg_find was successful  	[MsgId: MMSG-26390]
Action.c(55): web_submit_form("itinerary.pl") started  	[MsgId: MMSG-26355]
Action.c(55): Submitting form to "http://localhost:1080/cgi-bin/itinerary.pl", Target Frame=""  	[MsgId: MMSG-27978]
Action.c(55): Resource "http://localhost:1080/WebTours/images/cancelreservation.gif" is in the cache already and will not be downloaded again  	[MsgId: MMSG-26655]
Action.c(55): Resource "http://localhost:1080/WebTours/images/cancelallreservations.gif" is in the cache already and will not be downloaded again  	[MsgId: MMSG-26655]
Action.c(55): Registered web_reg_find successful for "Text={rnd_flightID}"  	[MsgId: MMSG-26362]
Action.c(55): web_submit_form("itinerary.pl") was successful, 2750 body bytes, 256 header bytes, 12 chunking overhead bytes  	[MsgId: MMSG-26385]
Action.c(63): Notify: Transaction "cancel_booking" ended with a "Pass" status (Duration: 0,0557 Wasted Time: 0,0000).	[MsgId: MMSG-16871]
..\\Parameters\\common_lib.h(169): Notify: Transaction "Logout" started.	[MsgId: MMSG-16999]
..\\Parameters\\common_lib.h(171): web_reg_find started  	[MsgId: MMSG-26355]
..\\Parameters\\common_lib.h(171): Registering web_reg_find was successful  	[MsgId: MMSG-26390]
..\\Parameters\\common_lib.h(174): web_url("SignOff Button") started  	[MsgId: MMSG-26355]
..\\Parameters\\common_lib.h(174): Detected non-resource "http://localhost:1080/cgi-bin/nav.pl?in=home" in "http://localhost:1080/cgi-bin/welcome.pl?signOff=1"  	[MsgId: MMSG-26574]
..\\Parameters\\common_lib.h(174): Detected non-resource "http://localhost:1080/WebTours/home.html" in "http://localhost:1080/cgi-bin/welcome.pl?signOff=1"  	[MsgId: MMSG-26574]
..\\Parameters\\common_lib.h(174): Retrieving data from cache for "http://localhost:1080/WebTours/home.html"  	[MsgId: MMSG-26558]
..\\Parameters\\common_lib.h(174): Resource "http://localhost:1080/WebTours/images/mer_login.gif" is in the cache already and will not be downloaded again  	[MsgId: MMSG-26655]
..\\Parameters\\common_lib.h(174): Registered web_reg_find successful for "Text=Welcome to the Web Tours site." (count=1)  	[MsgId: MMSG-26364]
..\\Parameters\\common_lib.h(174): web_url("SignOff Button") was successful, 2174 body bytes, 583 header bytes, 24 chunking overhead bytes  	[MsgId: MMSG-26385]
..\\Parameters\\common_lib.h(184): Notify: Transaction "Logout" ended with a "Pass" status (Duration: 0,1409 Wasted Time: 0,0000).	[MsgId: MMSG-16871]
Action.c(70): Notify: Transaction "UC_2_Delete_booking" ended with a "Pass" status (Duration: 10,5406 Think Time: 10,0144 Wasted Time: 0,0007).	[MsgId: MMSG-16870]
Ending action Action.	[MsgId: MMSG-15918]
Ending iteration 3.	[MsgId: MMSG-15965]
Waiting 13,4590 seconds for iteration pacing.	[MsgId: MMSG-15996]
..\\Parameters\\common_lib.h(169): Notify: Transaction "Logout" started.	[MsgId: MMSG-16999]
..\\Parameters\\common_lib.h(171): web_reg_find started  	[MsgId: MMSG-26355]
..\\Parameters\\common_lib.h(171): Registering web_reg_find was successful  	[MsgId: MMSG-26390]
..\\Parameters\\common_lib.h(174): web_url("SignOff Button") started  	[MsgId: MMSG-26355]
..\\Parameters\\common_lib.h(174): Detected non-resource "http://localhost:1080/cgi-bin/nav.pl?in=home" in "http://localhost:1080/cgi-bin/welcome.pl?signOff=1"  	[MsgId: MMSG-26574]
..\\Parameters\\common_lib.h(174): Detected non-resource "http://localhost:1080/WebTours/home.html" in "http://localhost:1080/cgi-bin/welcome.pl?signOff=1"  	[MsgId: MMSG-26574]
..\\Parameters\\common_lib.h(174): Retrieving data from cache for "http://localhost:1080/WebTours/home.html"  	[MsgId: MMSG-26558]
..\\Parameters\\common_lib.h(174): Resource "http://localhost:1080/WebTours/images/mer_login.gif" is in the cache already and will not be downloaded again  	[MsgId: MMSG-26655]
..\\Parameters\\common_lib.h(174): Registered web_reg_find successful for "Text=Welcome to the Web Tours site." (count=1)  	[MsgId: MMSG-26364]
..\\Parameters\\common_lib.h(174): web_url("SignOff Button") was successful, 2164 body bytes, 583 header bytes, 24 chunking overhead bytes  	[MsgId: MMSG-26385]
..\\Parameters\\common_lib.h(184): Notify: Transaction "Logout" ended with a "Pass" status (Duration: 0,0774 Wasted Time: 0,0000).	[MsgId: MMSG-16871]
Action.c(70): Notify: Transaction "UC_2_Delete_booking" ended with a "Pass" status (Duration: 10,4184 Think Time: 10,0141 Wasted Time: 0,0004).	[MsgId: MMSG-16870]
Ending action Action.	[MsgId: MMSG-15918]
Ending iteration 1.	[MsgId: MMSG-15965]
Waiting 13,5800 seconds for iteration pacing.	[MsgId: MMSG-15996]
Starting iteration 4.	[MsgId: MMSG-15968]
Starting action Action.	[MsgId: MMSG-15919]
Action.c(3): Notify: Transaction "UC_2_Delete_booking" started.	[MsgId: MMSG-16999]
..\\Parameters\\common_lib.h(27): Notify: Transaction "open_homepage" started.	[MsgId: MMSG-16999]
..\\Parameters\\common_lib.h(30): web_reg_save_param_attrib started  	[MsgId: MMSG-26355]
..\\Parameters\\common_lib.h(30): Registering web_reg_save_param_attrib was successful  	[MsgId: MMSG-26390]
..\\Parameters\\common_lib.h(41): web_url("WebTours") started  	[MsgId: MMSG-26355]
..\\Parameters\\common_lib.h(41): Detected non-resource "http://localhost:1080/WebTours/header.html" in "http://localhost:1080/WebTours/"  	[MsgId: MMSG-26574]
..\\Parameters\\common_lib.h(41): Detected non-resource "http://localhost:1080/cgi-bin/welcome.pl?signOff=true" in "http://localhost:1080/WebTours/"  	[MsgId: MMSG-26574]
..\\Parameters\\common_lib.h(41): Downloading resource "http://localhost:1080/favicon.ico" (specified by argument number 10)  	[MsgId: MMSG-26577]
..\\Parameters\\common_lib.h(41): Found resource "http://localhost:1080/WebTours/images/hp_logo.png" in HTML "http://localhost:1080/WebTours/header.html"  	[MsgId: MMSG-26659]
..\\Parameters\\common_lib.h(41): Found resource "http://localhost:1080/WebTours/images/webtours.png" in HTML "http://localhost:1080/WebTours/header.html"  	[MsgId: MMSG-26659]
..\\Parameters\\common_lib.h(41): Warning -26627: HTTP Status-Code=404 (Not Found) for "http://localhost:1080/favicon.ico"  	[MsgId: MWAR-26627]
..\\Parameters\\common_lib.h(41): Detected non-resource "http://localhost:1080/cgi-bin/nav.pl?in=home" in "http://localhost:1080/cgi-bin/welcome.pl?signOff=true"  	[MsgId: MMSG-26574]
..\\Parameters\\common_lib.h(41): Detected non-resource "http://localhost:1080/WebTours/home.html" in "http://localhost:1080/cgi-bin/welcome.pl?signOff=true"  	[MsgId: MMSG-26574]
..\\Parameters\\common_lib.h(41): Found resource "http://localhost:1080/WebTours/images/mer_login.gif" in HTML "http://localhost:1080/cgi-bin/nav.pl?in=home"  	[MsgId: MMSG-26659]
..\\Parameters\\common_lib.h(41): web_url("WebTours") highest severity level was "warning", 10289 body bytes, 2587 header bytes, 24 chunking overhead bytes  	[MsgId: MMSG-26387]
..\\Parameters\\common_lib.h(53): Notify: Transaction "open_homepage" ended with a "Pass" status (Duration: 0,0936 Wasted Time: 0,0005).	[MsgId: MMSG-16871]
Action.c(7): lr_think_time: 5,00 seconds.	[MsgId: MMSG-15948]
Starting iteration 2.	[MsgId: MMSG-15968]
Starting action Action.	[MsgId: MMSG-15919]
Action.c(3): Notify: Transaction "UC_2_Delete_booking" started.	[MsgId: MMSG-16999]
..\\Parameters\\common_lib.h(27): Notify: Transaction "open_homepage" started.	[MsgId: MMSG-16999]
..\\Parameters\\common_lib.h(30): web_reg_save_param_attrib started  	[MsgId: MMSG-26355]
..\\Parameters\\common_lib.h(30): Registering web_reg_save_param_attrib was successful  	[MsgId: MMSG-26390]
..\\Parameters\\common_lib.h(41): web_url("WebTours") started  	[MsgId: MMSG-26355]
..\\Parameters\\common_lib.h(41): Detected non-resource "http://localhost:1080/WebTours/header.html" in "http://localhost:1080/WebTours/"  	[MsgId: MMSG-26574]
..\\Parameters\\common_lib.h(41): Detected non-resource "http://localhost:1080/cgi-bin/welcome.pl?signOff=true" in "http://localhost:1080/WebTours/"  	[MsgId: MMSG-26574]
..\\Parameters\\common_lib.h(41): Downloading resource "http://localhost:1080/favicon.ico" (specified by argument number 10)  	[MsgId: MMSG-26577]
..\\Parameters\\common_lib.h(41): Found resource "http://localhost:1080/WebTours/images/hp_logo.png" in HTML "http://localhost:1080/WebTours/header.html"  	[MsgId: MMSG-26659]
..\\Parameters\\common_lib.h(41): Found resource "http://localhost:1080/WebTours/images/webtours.png" in HTML "http://localhost:1080/WebTours/header.html"  	[MsgId: MMSG-26659]
..\\Parameters\\common_lib.h(41): Warning -26627: HTTP Status-Code=404 (Not Found) for "http://localhost:1080/favicon.ico"  	[MsgId: MWAR-26627]
..\\Parameters\\common_lib.h(41): Detected non-resource "http://localhost:1080/cgi-bin/nav.pl?in=home" in "http://localhost:1080/cgi-bin/welcome.pl?signOff=true"  	[MsgId: MMSG-26574]
..\\Parameters\\common_lib.h(41): Detected non-resource "http://localhost:1080/WebTours/home.html" in "http://localhost:1080/cgi-bin/welcome.pl?signOff=true"  	[MsgId: MMSG-26574]
..\\Parameters\\common_lib.h(41): Found resource "http://localhost:1080/WebTours/images/mer_login.gif" in HTML "http://localhost:1080/cgi-bin/nav.pl?in=home"  	[MsgId: MMSG-26659]
..\\Parameters\\common_lib.h(41): web_url("WebTours") highest severity level was "warning", 10289 body bytes, 2587 header bytes, 24 chunking overhead bytes  	[MsgId: MMSG-26387]
..\\Parameters\\common_lib.h(53): Notify: Transaction "open_homepage" ended with a "Pass" status (Duration: 0,0921 Wasted Time: 0,0004).	[MsgId: MMSG-16871]
Action.c(7): lr_think_time: 5,00 seconds.	[MsgId: MMSG-15948]
..\\Parameters\\common_lib.h(2): Notify: Transaction "login" started.	[MsgId: MMSG-16999]
..\\Parameters\\common_lib.h(4): web_reg_find started  	[MsgId: MMSG-26355]
..\\Parameters\\common_lib.h(4): Registering web_reg_find was successful  	[MsgId: MMSG-26390]
..\\Parameters\\common_lib.h(7): web_submit_data("login.pl") started  	[MsgId: MMSG-26355]
..\\Parameters\\common_lib.h(7): Detected non-resource "http://localhost:1080/cgi-bin/nav.pl?page=menu&in=home" in "http://localhost:1080/cgi-bin/login.pl"  	[MsgId: MMSG-26574]
..\\Parameters\\common_lib.h(7): Detected non-resource "http://localhost:1080/cgi-bin/login.pl?intro=true" in "http://localhost:1080/cgi-bin/login.pl"  	[MsgId: MMSG-26574]
..\\Parameters\\common_lib.h(7): Found resource "http://localhost:1080/WebTours/images/flights.gif" in HTML "http://localhost:1080/cgi-bin/nav.pl?page=menu&in=home"  	[MsgId: MMSG-26659]
..\\Parameters\\common_lib.h(7): Found resource "http://localhost:1080/WebTours/images/itinerary.gif" in HTML "http://localhost:1080/cgi-bin/nav.pl?page=menu&in=home"  	[MsgId: MMSG-26659]
..\\Parameters\\common_lib.h(7): Found resource "http://localhost:1080/WebTours/images/in_home.gif" in HTML "http://localhost:1080/cgi-bin/nav.pl?page=menu&in=home"  	[MsgId: MMSG-26659]
..\\Parameters\\common_lib.h(7): Found resource "http://localhost:1080/WebTours/images/signoff.gif" in HTML "http://localhost:1080/cgi-bin/nav.pl?page=menu&in=home"  	[MsgId: MMSG-26659]
..\\Parameters\\common_lib.h(7): Registered web_reg_find successful for "Text=Welcome, <b>machinegun</b>, to the Web Tours reservation pages." (count=1)  	[MsgId: MMSG-26364]
..\\Parameters\\common_lib.h(7): web_submit_data("login.pl") was successful, 5785 body bytes, 2056 header bytes, 36 chunking overhead bytes  	[MsgId: MMSG-26385]
..\\Parameters\\common_lib.h(23): Notify: Transaction "login" ended with a "Pass" status (Duration: 0,1418 Wasted Time: 0,0000).	[MsgId: MMSG-16871]
Action.c(11): web_reg_find started  	[MsgId: MMSG-26355]
Action.c(11): Registering web_reg_find was successful  	[MsgId: MMSG-26390]
Action.c(15): web_reg_save_param started  	[MsgId: MMSG-26355]
Action.c(15): Registering web_reg_save_param was successful  	[MsgId: MMSG-26390]
Action.c(22): web_reg_save_param started  	[MsgId: MMSG-26355]
Action.c(22): Registering web_reg_save_param was successful  	[MsgId: MMSG-26390]
..\\Parameters\\common_lib.h(154): Notify: Transaction "click_Itinerary" started.	[MsgId: MMSG-16999]
..\\Parameters\\common_lib.h(156): web_url("Itinerary Button") started  	[MsgId: MMSG-26355]
..\\Parameters\\common_lib.h(156): Detected non-resource "http://localhost:1080/cgi-bin/nav.pl?page=menu&in=itinerary" in "http://localhost:1080/cgi-bin/welcome.pl?page=itinerary"  	[MsgId: MMSG-26574]
..\\Parameters\\common_lib.h(156): Detected non-resource "http://localhost:1080/cgi-bin/itinerary.pl" in "http://localhost:1080/cgi-bin/welcome.pl?page=itinerary"  	[MsgId: MMSG-26574]
..\\Parameters\\common_lib.h(156): Resource "http://localhost:1080/WebTours/images/flights.gif" is in the cache already and will not be downloaded again  	[MsgId: MMSG-26655]
..\\Parameters\\common_lib.h(156): Found resource "http://localhost:1080/WebTours/images/in_itinerary.gif" in HTML "http://localhost:1080/cgi-bin/nav.pl?page=menu&in=itinerary"  	[MsgId: MMSG-26659]
..\\Parameters\\common_lib.h(156): Found resource "http://localhost:1080/WebTours/images/home.gif" in HTML "http://localhost:1080/cgi-bin/nav.pl?page=menu&in=itinerary"  	[MsgId: MMSG-26659]
..\\Parameters\\common_lib.h(156): Resource "http://localhost:1080/WebTours/images/signoff.gif" is in the cache already and will not be downloaded again  	[MsgId: MMSG-26655]
..\\Parameters\\common_lib.h(156): Registered web_reg_find successful for "Text=<H3>No flights have been reserved.</H3>" (count=1)  	[MsgId: MMSG-26364]
..\\Parameters\\common_lib.h(156): Warning -26377: No match found for the requested parameter "flightID". Either the specified boundaries were not found in the response or the matched text is longer than current max html parameter size of 256 bytes. The total length of the response is 4381 bytes. You can use "web_set_max_html_param_len" to increase the max parameter size.  	[MsgId: MWAR-26377]
..\\Parameters\\common_lib.h(156): Warning -26377: No match found for the requested parameter "checkbox". Either the specified boundaries were not found in the response or the matched text is longer than current max html parameter size of 256 bytes. The total length of the response is 4381 bytes. You can use "web_set_max_html_param_len" to increase the max parameter size.  	[MsgId: MWAR-26377]
..\\Parameters\\common_lib.h(156): web_url("Itinerary Button") highest severity level was "warning", 4381 body bytes, 1319 header bytes, 36 chunking overhead bytes  	[MsgId: MMSG-26387]
..\\Parameters\\common_lib.h(166): Notify: Transaction "click_Itinerary" ended with a "Pass" status (Duration: 0,0930 Wasted Time: 0,0000).	[MsgId: MMSG-16871]
Action.c(31): lr_think_time: 5,00 seconds.	[MsgId: MMSG-15948]
..\\Parameters\\common_lib.h(2): Notify: Transaction "login" started.	[MsgId: MMSG-16999]
..\\Parameters\\common_lib.h(4): web_reg_find started  	[MsgId: MMSG-26355]
..\\Parameters\\common_lib.h(4): Registering web_reg_find was successful  	[MsgId: MMSG-26390]
..\\Parameters\\common_lib.h(7): web_submit_data("login.pl") started  	[MsgId: MMSG-26355]
..\\Parameters\\common_lib.h(7): Detected non-resource "http://localhost:1080/cgi-bin/nav.pl?page=menu&in=home" in "http://localhost:1080/cgi-bin/login.pl"  	[MsgId: MMSG-26574]
..\\Parameters\\common_lib.h(7): Detected non-resource "http://localhost:1080/cgi-bin/login.pl?intro=true" in "http://localhost:1080/cgi-bin/login.pl"  	[MsgId: MMSG-26574]
..\\Parameters\\common_lib.h(7): Found resource "http://localhost:1080/WebTours/images/flights.gif" in HTML "http://localhost:1080/cgi-bin/nav.pl?page=menu&in=home"  	[MsgId: MMSG-26659]
..\\Parameters\\common_lib.h(7): Found resource "http://localhost:1080/WebTours/images/itinerary.gif" in HTML "http://localhost:1080/cgi-bin/nav.pl?page=menu&in=home"  	[MsgId: MMSG-26659]
..\\Parameters\\common_lib.h(7): Found resource "http://localhost:1080/WebTours/images/in_home.gif" in HTML "http://localhost:1080/cgi-bin/nav.pl?page=menu&in=home"  	[MsgId: MMSG-26659]
..\\Parameters\\common_lib.h(7): Found resource "http://localhost:1080/WebTours/images/signoff.gif" in HTML "http://localhost:1080/cgi-bin/nav.pl?page=menu&in=home"  	[MsgId: MMSG-26659]
..\\Parameters\\common_lib.h(7): Registered web_reg_find successful for "Text=Welcome, <b>iamunknown</b>, to the Web Tours reservation pages." (count=1)  	[MsgId: MMSG-26364]
..\\Parameters\\common_lib.h(7): web_submit_data("login.pl") was successful, 5785 body bytes, 2072 header bytes, 36 chunking overhead bytes  	[MsgId: MMSG-26385]
..\\Parameters\\common_lib.h(23): Notify: Transaction "login" ended with a "Pass" status (Duration: 0,1420 Wasted Time: 0,0000).	[MsgId: MMSG-16871]
Action.c(11): web_reg_find started  	[MsgId: MMSG-26355]
Action.c(11): Registering web_reg_find was successful  	[MsgId: MMSG-26390]
Action.c(15): web_reg_save_param started  	[MsgId: MMSG-26355]
Action.c(15): Registering web_reg_save_param was successful  	[MsgId: MMSG-26390]
Action.c(22): web_reg_save_param started  	[MsgId: MMSG-26355]
Action.c(22): Registering web_reg_save_param was successful  	[MsgId: MMSG-26390]
..\\Parameters\\common_lib.h(154): Notify: Transaction "click_Itinerary" started.	[MsgId: MMSG-16999]
..\\Parameters\\common_lib.h(156): web_url("Itinerary Button") started  	[MsgId: MMSG-26355]
..\\Parameters\\common_lib.h(156): Detected non-resource "http://localhost:1080/cgi-bin/nav.pl?page=menu&in=itinerary" in "http://localhost:1080/cgi-bin/welcome.pl?page=itinerary"  	[MsgId: MMSG-26574]
..\\Parameters\\common_lib.h(156): Detected non-resource "http://localhost:1080/cgi-bin/itinerary.pl" in "http://localhost:1080/cgi-bin/welcome.pl?page=itinerary"  	[MsgId: MMSG-26574]
..\\Parameters\\common_lib.h(156): Resource "http://localhost:1080/WebTours/images/flights.gif" is in the cache already and will not be downloaded again  	[MsgId: MMSG-26655]
..\\Parameters\\common_lib.h(156): Found resource "http://localhost:1080/WebTours/images/in_itinerary.gif" in HTML "http://localhost:1080/cgi-bin/nav.pl?page=menu&in=itinerary"  	[MsgId: MMSG-26659]
..\\Parameters\\common_lib.h(156): Found resource "http://localhost:1080/WebTours/images/home.gif" in HTML "http://localhost:1080/cgi-bin/nav.pl?page=menu&in=itinerary"  	[MsgId: MMSG-26659]
..\\Parameters\\common_lib.h(156): Resource "http://localhost:1080/WebTours/images/signoff.gif" is in the cache already and will not be downloaded again  	[MsgId: MMSG-26655]
..\\Parameters\\common_lib.h(156): Registered web_reg_find successful for "Text=<H3>No flights have been reserved.</H3>" (count=1)  	[MsgId: MMSG-26364]
..\\Parameters\\common_lib.h(156): Warning -26377: No match found for the requested parameter "flightID". Either the specified boundaries were not found in the response or the matched text is longer than current max html parameter size of 256 bytes. The total length of the response is 4381 bytes. You can use "web_set_max_html_param_len" to increase the max parameter size.  	[MsgId: MWAR-26377]
..\\Parameters\\common_lib.h(156): Warning -26377: No match found for the requested parameter "checkbox". Either the specified boundaries were not found in the response or the matched text is longer than current max html parameter size of 256 bytes. The total length of the response is 4381 bytes. You can use "web_set_max_html_param_len" to increase the max parameter size.  	[MsgId: MWAR-26377]
..\\Parameters\\common_lib.h(156): web_url("Itinerary Button") highest severity level was "warning", 4381 body bytes, 1319 header bytes, 36 chunking overhead bytes  	[MsgId: MMSG-26387]
..\\Parameters\\common_lib.h(166): Notify: Transaction "click_Itinerary" ended with a "Pass" status (Duration: 0,0946 Wasted Time: 0,0000).	[MsgId: MMSG-16871]
Action.c(31): lr_think_time: 5,00 seconds.	[MsgId: MMSG-15948]
..\\Parameters\\common_lib.h(169): Notify: Transaction "Logout" started.	[MsgId: MMSG-16999]
..\\Parameters\\common_lib.h(171): web_reg_find started  	[MsgId: MMSG-26355]
..\\Parameters\\common_lib.h(171): Registering web_reg_find was successful  	[MsgId: MMSG-26390]
..\\Parameters\\common_lib.h(174): web_url("SignOff Button") started  	[MsgId: MMSG-26355]
..\\Parameters\\common_lib.h(174): Detected non-resource "http://localhost:1080/cgi-bin/nav.pl?in=home" in "http://localhost:1080/cgi-bin/welcome.pl?signOff=1"  	[MsgId: MMSG-26574]
..\\Parameters\\common_lib.h(174): Detected non-resource "http://localhost:1080/WebTours/home.html" in "http://localhost:1080/cgi-bin/welcome.pl?signOff=1"  	[MsgId: MMSG-26574]
..\\Parameters\\common_lib.h(174): Retrieving data from cache for "http://localhost:1080/WebTours/home.html"  	[MsgId: MMSG-26558]
..\\Parameters\\common_lib.h(174): Resource "http://localhost:1080/WebTours/images/mer_login.gif" is in the cache already and will not be downloaded again  	[MsgId: MMSG-26655]
..\\Parameters\\common_lib.h(174): Registered web_reg_find successful for "Text=Welcome to the Web Tours site." (count=1)  	[MsgId: MMSG-26364]
..\\Parameters\\common_lib.h(174): web_url("SignOff Button") was successful, 2172 body bytes, 583 header bytes, 24 chunking overhead bytes  	[MsgId: MMSG-26385]
..\\Parameters\\common_lib.h(184): Notify: Transaction "Logout" ended with a "Pass" status (Duration: 0,0877 Wasted Time: 0,0000).	[MsgId: MMSG-16871]
Action.c(70): Notify: Transaction "UC_2_Delete_booking" ended with a "Pass" status (Duration: 10,4324 Think Time: 10,0156 Wasted Time: 0,0006).	[MsgId: MMSG-16870]
Ending action Action.	[MsgId: MMSG-15918]
Ending iteration 4.	[MsgId: MMSG-15965]
Waiting 13,5670 seconds for iteration pacing.	[MsgId: MMSG-15996]
..\\Parameters\\common_lib.h(169): Notify: Transaction "Logout" started.	[MsgId: MMSG-16999]
..\\Parameters\\common_lib.h(171): web_reg_find started  	[MsgId: MMSG-26355]
..\\Parameters\\common_lib.h(171): Registering web_reg_find was successful  	[MsgId: MMSG-26390]
..\\Parameters\\common_lib.h(174): web_url("SignOff Button") started  	[MsgId: MMSG-26355]
..\\Parameters\\common_lib.h(174): Detected non-resource "http://localhost:1080/cgi-bin/nav.pl?in=home" in "http://localhost:1080/cgi-bin/welcome.pl?signOff=1"  	[MsgId: MMSG-26574]
..\\Parameters\\common_lib.h(174): Detected non-resource "http://localhost:1080/WebTours/home.html" in "http://localhost:1080/cgi-bin/welcome.pl?signOff=1"  	[MsgId: MMSG-26574]
..\\Parameters\\common_lib.h(174): Retrieving data from cache for "http://localhost:1080/WebTours/home.html"  	[MsgId: MMSG-26558]
..\\Parameters\\common_lib.h(174): Resource "http://localhost:1080/WebTours/images/mer_login.gif" is in the cache already and will not be downloaded again  	[MsgId: MMSG-26655]
..\\Parameters\\common_lib.h(174): Registered web_reg_find successful for "Text=Welcome to the Web Tours site." (count=1)  	[MsgId: MMSG-26364]
..\\Parameters\\common_lib.h(174): web_url("SignOff Button") was successful, 2167 body bytes, 583 header bytes, 24 chunking overhead bytes  	[MsgId: MMSG-26385]
..\\Parameters\\common_lib.h(184): Notify: Transaction "Logout" ended with a "Pass" status (Duration: 0,0843 Wasted Time: 0,0000).	[MsgId: MMSG-16871]
Action.c(70): Notify: Transaction "UC_2_Delete_booking" ended with a "Pass" status (Duration: 10,4427 Think Time: 10,0291 Wasted Time: 0,0005).	[MsgId: MMSG-16870]
Ending action Action.	[MsgId: MMSG-15918]
Ending iteration 2.	[MsgId: MMSG-15965]
Waiting 13,5560 seconds for iteration pacing.	[MsgId: MMSG-15996]
Ending Vuser...	[MsgId: MMSG-15966]
Starting action vuser_end.	[MsgId: MMSG-15919]
Ending action vuser_end.	[MsgId: MMSG-15918]
Vuser Terminated.	[MsgId: MMSG-15963]
Ending Vuser...	[MsgId: MMSG-15966]
Starting action vuser_end.	[MsgId: MMSG-15919]
Ending action vuser_end.	[MsgId: MMSG-15918]
Vuser Terminated.	[MsgId: MMSG-15963]
